<?xml version="1.0" encoding="UTF-8"?>
<!DOCTYPE html PUBLIC "-//W3C//DTD XHTML 1.0 Strict//EN" "http://www.w3.org/TR/xhtml1/DTD/xhtml1-strict.dtd">
<html xmlns="http://www.w3.org/1999/xhtml">
<head>
    <title>Test Report</title>
    <meta name="generator" content="HTMLTestRunner 0.9.1"/>
    <meta http-equiv="Content-Type" content="text/html; charset=UTF-8"/>
    
    <link href="http://cdn.bootcss.com/bootstrap/3.3.0/css/bootstrap.min.css" rel="stylesheet">
    <script src="https://cdn.bootcss.com/echarts/3.8.5/echarts.common.min.js"></script>
    <!-- <script type="text/javascript" src="js/echarts.common.min.js"></script> -->
    
    
<style type="text/css" media="screen">
    body        { font-family: Microsoft YaHei,Consolas,arial,sans-serif; font-size: 80%; }
    table       { font-size: 100%; }
    pre         { white-space: pre-wrap;word-wrap: break-word; }
    /* -- heading ---------------------------------------------------------------------- */
    h1 {
        font-size: 16pt;
        color: gray;
    }
    .heading {
        margin-top: 0ex;
        margin-bottom: 1ex;
    }
    .heading .attribute {
        margin-top: 1ex;
        margin-bottom: 0;
    }
    .heading .description {
        margin-top: 2ex;
        margin-bottom: 3ex;
    }
    /* -- css div popup ------------------------------------------------------------------------ */
    a.popup_link {
    }
    a.popup_link:hover {
        color: red;
    }
    .popup_window {
        display: none;
        position: relative;
        left: 0px;
        top: 0px;
        /*border: solid #627173 1px; */
        padding: 10px;
        /*background-color: #E6E6D6; */
        font-family: "Lucida Console", "Courier New", Courier, monospace;
        text-align: left;
        font-size: 8pt;
        /* width: 500px;*/
    }
    }
    /* -- report ------------------------------------------------------------------------ */
    #show_detail_line {
        margin-top: 3ex;
        margin-bottom: 1ex;
    }
    #result_table {
        width: 99%;
    }
    #header_row {
        font-weight: bold;
        color: #303641;
        background-color: #ebebeb;
    }
    #total_row  { font-weight: bold; }
    .passClass  { background-color: #bdedbc; }
    .failClass  { background-color: #ffefa4; }
    .errorClass { background-color: #ffc9c9; }
    .passCase   { color: #6c6; }
    .failCase   { color: #FF6600; font-weight: bold; }
    .errorCase  { color: #c00; font-weight: bold; }
    .hiddenRow  { display: none; }
    .testcase   { margin-left: 2em; }
    /* -- ending ---------------------------------------------------------------------- */
    #ending {
    }
    #div_base {
                position:absolute;
                top:0%;
                left:5%;
                right:5%;
                width: auto;
                height: auto;
                margin: -15px 0 0 0;
    }
</style>

    
</head>
<body>
    <script language="javascript" type="text/javascript"><!--
    output_list = Array();
    /* level - 0:Summary; 1:Failed; 2:All */
    function showCase(level) {
        trs = document.getElementsByTagName("tr");
        for (var i = 0; i < trs.length; i++) {
            tr = trs[i];
            id = tr.id;
            if (id.substr(0,2) == 'ft') {
                if (level < 1) {
                    tr.className = 'hiddenRow';
                }
                else {
                    tr.className = '';
                }
            }
            if (id.substr(0,2) == 'pt') {
                if (level > 1) {
                    tr.className = '';
                }
                else {
                    tr.className = 'hiddenRow';
                }
            }
        }
    }
    function showClassDetail(cid, count) {
        var id_list = Array(count);
        var toHide = 1;
        for (var i = 0; i < count; i++) {
            tid0 = 't' + cid.substr(1) + '.' + (i+1);
            tid = 'f' + tid0;
            tr = document.getElementById(tid);
            if (!tr) {
                tid = 'p' + tid0;
                tr = document.getElementById(tid);
            }
            id_list[i] = tid;
            if (tr.className) {
                toHide = 0;
            }
        }
        for (var i = 0; i < count; i++) {
            tid = id_list[i];
            if (toHide) {
                document.getElementById('div_'+tid).style.display = 'none'
                document.getElementById(tid).className = 'hiddenRow';
            }
            else {
                document.getElementById(tid).className = '';
            }
        }
    }
    function showTestDetail(div_id){
        var details_div = document.getElementById(div_id)
        var displayState = details_div.style.display
        // alert(displayState)
        if (displayState != 'block' ) {
            displayState = 'block'
            details_div.style.display = 'block'
        }
        else {
            details_div.style.display = 'none'
        }
    }
    function html_escape(s) {
        s = s.replace(/&/g,'&amp;');
        s = s.replace(/</g,'&lt;');
        s = s.replace(/>/g,'&gt;');
        return s;
    }
    /* obsoleted by detail in <div>
    function showOutput(id, name) {
        var w = window.open("", //url
                        name,
                        "resizable,scrollbars,status,width=800,height=450");
        d = w.document;
        d.write("<pre>");
        d.write(html_escape(output_list[id]));
        d.write("\n");
        d.write("<a href='javascript:window.close()'>close</a>\n");
        d.write("</pre>\n");
        d.close();
    }
    */
    --></script>
    <div id="div_base">
        
    <div class='page-header'>
        <h1>Test Report</h1>
    <p class='attribute'><strong>Start Time:</strong> 2020-08-28 14:15:34</p>
<p class='attribute'><strong>Duration:</strong> 2:29:59.555958</p>
<p class='attribute'><strong>Status:</strong> PASS 122 FAIL 5 ERROR 28</p>

    </div>
    <div style="float: left;width:50%;"><p class='description'></p></div>
    <div id="chart" style="width:50%;height:400px;float:left;"></div>

        
    <div class="btn-group btn-group-sm">
        <button class="btn btn-default" onclick='javascript:showCase(0)'>Summary</button>
        <button class="btn btn-default" onclick='javascript:showCase(1)'>FAIL</button>
        <button class="btn btn-default" onclick='javascript:showCase(2)'>All</button>
    </div>
    <p></p>
    <table id='result_table' class="table table-bordered">
        <colgroup>
            <col align='left' />
            <col align='right' />
            <col align='right' />
            <col align='right' />
            <col align='right' />
            <col align='right' />
        </colgroup>
        <tr id='header_row'>
            <td>Test Suite/Test Case</td>
            <td>Total</td>
            <td>PASS</td>
            <td>FAIL</td>
            <td>ERROR</td>
            <td>Info</td>
        </tr>
        
    <tr class='errorClass'>
        <td>test_GamePageSSC_TJC_Pro.TJC_Pro</td>
        <td>43</td>
        <td>42</td>
        <td>0</td>
        <td>1</td>
        <td><a href="javascript:showClassDetail('c1',43)">Detail</a></td>
    </tr>

<tr id='pt1.1' class='hiddenRow'>
    <td class='none'><div class='testcase'>test_01_TJC_pro_normal_fiveStar_fiveStarDirectSelection</div></td>
    <td colspan='5' align='center'>PASS</td>
</tr>

<tr id='pt1.2' class='hiddenRow'>
    <td class='none'><div class='testcase'>test_02_TJC_pro_normal_fiveStar_fiveStarOrder</div></td>
    <td colspan='5' align='center'>PASS</td>
</tr>

<tr id='pt1.3' class='hiddenRow'>
    <td class='none'><div class='testcase'>test_03_TJC_pro_normal_fiveStar_selection120</div></td>
    <td colspan='5' align='center'>PASS</td>
</tr>

<tr id='pt1.4' class='hiddenRow'>
    <td class='none'><div class='testcase'>test_04_TJC_pro_normal_fiveStar_selection60</div></td>
    <td colspan='5' align='center'>PASS</td>
</tr>

<tr id='pt1.5' class='hiddenRow'>
    <td class='none'><div class='testcase'>test_05_TJC_pro_normal_fiveStar_selection30</div></td>
    <td colspan='5' align='center'>PASS</td>
</tr>

<tr id='pt1.6' class='hiddenRow'>
    <td class='none'><div class='testcase'>test_06_TJC_pro_normal_fiveStar_selection20</div></td>
    <td colspan='5' align='center'>PASS</td>
</tr>

<tr id='pt1.7' class='hiddenRow'>
    <td class='none'><div class='testcase'>test_07_TJC_pro_normal_fiveStar_selection10</div></td>
    <td colspan='5' align='center'>PASS</td>
</tr>

<tr id='pt1.8' class='hiddenRow'>
    <td class='none'><div class='testcase'>test_08_TJC_pro_normal_fiveStar_selection5</div></td>
    <td colspan='5' align='center'>PASS</td>
</tr>

<tr id='pt1.9' class='hiddenRow'>
    <td class='none'><div class='testcase'>test_09_TJC_pro_normal_threeStar_front3Choice</div></td>
    <td colspan='5' align='center'>PASS</td>
</tr>

<tr id='pt1.10' class='hiddenRow'>
    <td class='none'><div class='testcase'>test_10_TJC_pro_normal_threeStar_front3Order</div></td>
    <td colspan='5' align='center'>PASS</td>
</tr>

<tr id='pt1.11' class='hiddenRow'>
    <td class='none'><div class='testcase'>test_11_TJC_pro_normal_threeStar_middle3Choice</div></td>
    <td colspan='5' align='center'>PASS</td>
</tr>

<tr id='pt1.12' class='hiddenRow'>
    <td class='none'><div class='testcase'>test_12_TJC_pro_normal_threeStar_middle3Order</div></td>
    <td colspan='5' align='center'>PASS</td>
</tr>

<tr id='pt1.13' class='hiddenRow'>
    <td class='none'><div class='testcase'>test_13_TJC_pro_normal_threeStar_back3Choice</div></td>
    <td colspan='5' align='center'>PASS</td>
</tr>

<tr id='pt1.14' class='hiddenRow'>
    <td class='none'><div class='testcase'>test_14_TJC_pro_normal_threeStar_back3Order</div></td>
    <td colspan='5' align='center'>PASS</td>
</tr>

<tr id='pt1.15' class='hiddenRow'>
    <td class='none'><div class='testcase'>test_15_TJC_pro_normal_threeStar_front3Mix</div></td>
    <td colspan='5' align='center'>PASS</td>
</tr>

<tr id='pt1.16' class='hiddenRow'>
    <td class='none'><div class='testcase'>test_16_TJC_pro_normal_threeStar_middle3Mix</div></td>
    <td colspan='5' align='center'>PASS</td>
</tr>

<tr id='pt1.17' class='hiddenRow'>
    <td class='none'><div class='testcase'>test_17_TJC_pro_normal_threeStar_back3Mix</div></td>
    <td colspan='5' align='center'>PASS</td>
</tr>

<tr id='pt1.18' class='hiddenRow'>
    <td class='none'><div class='testcase'>test_18_TJC_pro_normal_threeStarGroup3_front3Group3</div></td>
    <td colspan='5' align='center'>PASS</td>
</tr>

<tr id='pt1.19' class='hiddenRow'>
    <td class='none'><div class='testcase'>test_19_TJC_pro_normal_threeStarGroup3_middle3Group3</div></td>
    <td colspan='5' align='center'>PASS</td>
</tr>

<tr id='pt1.20' class='hiddenRow'>
    <td class='none'><div class='testcase'>test_20_TJC_pro_normal_threeStarGroup3_back3Group3</div></td>
    <td colspan='5' align='center'>PASS</td>
</tr>

<tr id='pt1.21' class='hiddenRow'>
    <td class='none'><div class='testcase'>test_21_TJC_pro_normal_threeStarGroup6_front3Group6</div></td>
    <td colspan='5' align='center'>PASS</td>
</tr>

<tr id='pt1.22' class='hiddenRow'>
    <td class='none'><div class='testcase'>test_22_TJC_pro_normal_threeStarGroup6_middle3Group6</div></td>
    <td colspan='5' align='center'>PASS</td>
</tr>

<tr id='pt1.23' class='hiddenRow'>
    <td class='none'><div class='testcase'>test_23_TJC_pro_normal_threeStarGroup6_back3Group6</div></td>
    <td colspan='5' align='center'>PASS</td>
</tr>

<tr id='pt1.24' class='hiddenRow'>
    <td class='none'><div class='testcase'>test_24_TJC_pro_normal_twoStar_frontDirect</div></td>
    <td colspan='5' align='center'>PASS</td>
</tr>

<tr id='pt1.25' class='hiddenRow'>
    <td class='none'><div class='testcase'>test_25_TJC_pro_normal_twoStar_frontGroup</div></td>
    <td colspan='5' align='center'>PASS</td>
</tr>

<tr id='ft1.26' class='none'>
    <td class='errorCase'><div class='testcase'>test_26_TJC_pro_normal_twoStar_frontOrder</div></td>
    <td colspan='5' align='center'>
    <!--css div popup start-->
    <a class="popup_link" onfocus='this.blur();' href="javascript:showTestDetail('div_ft1.26')" >
        ERROR</a>
    <div id='div_ft1.26' class="popup_window">
        <pre>ft1.26: Traceback (most recent call last):
  File "C:\Users\alvis.chen\mobileAuto\test_UI\case\test_GamePageSSC_TJC_Pro.py", line 504, in test_26_TJC_pro_normal_twoStar_frontOrder
    page_ssc.bet_pro_all("twoStar", "frontOrder", betting_number="12,13;14*15")
  File "C:\Users\alvis.chen\mobileAuto\test_UI\page\GamePageSSC.py", line 130, in bet_pro_all
    self.input(*Xpath.betting_input_field, contents=betting_number)
  File "C:\Users\alvis.chen\mobileAuto\test_UI\common\BasePage.py", line 72, in input
    self.execute_script("reactTriggerChange(arguments[0]);", input_field)
  File "C:\Users\alvis.chen\mobileAuto\test_UI\common\BasePage.py", line 50, in execute_script
    return self.driver.execute_script(js, *loc)
  File "C:\Users\alvis.chen\AppData\Local\Programs\Python\Python38-32\lib\site-packages\selenium\webdriver\remote\webdriver.py", line 634, in execute_script
    return self.execute(command, {
  File "C:\Users\alvis.chen\AppData\Local\Programs\Python\Python38-32\lib\site-packages\selenium\webdriver\remote\webdriver.py", line 321, in execute
    self.error_handler.check_response(response)
  File "C:\Users\alvis.chen\AppData\Local\Programs\Python\Python38-32\lib\site-packages\appium\webdriver\errorhandler.py", line 29, in check_response
    raise wde
  File "C:\Users\alvis.chen\AppData\Local\Programs\Python\Python38-32\lib\site-packages\appium\webdriver\errorhandler.py", line 24, in check_response
    super(MobileErrorHandler, self).check_response(response)
  File "C:\Users\alvis.chen\AppData\Local\Programs\Python\Python38-32\lib\site-packages\selenium\webdriver\remote\errorhandler.py", line 242, in check_response
    raise exception_class(message, screen, stacktrace)
selenium.common.exceptions.WebDriverException: Message: unknown error (An unknown server-side error occurred. status='false'. Failed to complete internal method: 'hybridRunJavascript args: [, 0, result = null;resultType = null;resultMessage = null;function getPathToWithSuffix(element,suffix) {if (element.tagName.toUpperCase() == "HTML".toUpperCase())return '//html'+suffix;if (element===document.body)return '//html/body[1]'+suffix;var ix= 0;var siblings= element.parentNode.childNodes;for (var i= 0; i&lt;siblings.length; i++) {var sibling= siblings[i];if (sibling===element)return getPathToWithSuffix(element.parentNode,'/'+element.tagName.toLowerCase()+'['+(ix+1)+']'+suffix);if (sibling.nodeType===1 &amp;&amp; sibling.tagName===element.tagName)ix++;}}function runScriptResultWrapper(element){if((typeof element === undefined) || element == null){result = null;resultMessage = null;return;}else if (typeof element === 'string' || element instanceof String){result = element;resultType = "string";resultMessage = null;return;}else if (typeof element === 'number' || element instanceof Number){if(element % 1 === 0){resultType = "int"}else{resultType = "float";}result = element;resultMessage = null;return;}else if (typeof element === 'boolean' || element instanceof Boolean){resultType = "boolean";result = element;resultMessage = null;return;}var paths = [];if(element.constructor === Array || element.length &gt; 0){var elements = element;for (i = 0; i &lt; elements.length; i++) {var elementPath = getPathToWithSuffix(elements[i],"");paths[i] = elementPath;}resultMessage = null;}else if(!element.parentNode){resultType = "object";result = element;resultMessage = null;return;}else{resultMessage = null;paths[0] = getPathToWithSuffix(element,"");}resultType = null;result = {value: paths};};var userFunc = function() {var arguments = new Array();arguments[0]=document.evaluate("(//*[translate(local-name(), 'abcdefghijklmnopqrstuvwxyz', 'ABCDEFGHIJKLMNOPQRSTUVWXYZ')='TEXTAREA'])[1] | (//*[local-name()='TEXTAREA'])[1]", document, null, XPathResult.ANY_TYPE, null).iterateNext();;reactTriggerChange(arguments[0]);;};result = null;var temp_result = userFunc();if(result == null) {result = temp_result;} runScriptResultWrapper(result);]', details: Failed to run javascript '': null) 

</pre>
    </div>
    <!--css div popup end-->
    </td>
</tr>

<tr id='pt1.27' class='hiddenRow'>
    <td class='none'><div class='testcase'>test_27_TJC_pro_normal_twoStar_backDirect</div></td>
    <td colspan='5' align='center'>
    <!--css div popup start-->
    <a class="popup_link" onfocus='this.blur();' href="javascript:showTestDetail('div_pt1.27')" >
        PASS</a>
    <div id='div_pt1.27' class="popup_window">
        <pre>pt1.27: 1 Message: no such element (An element could not be located on the page using the given search parameters (XPATH='//*[@class='status-bottom']/*[1]')) 

</pre>
    </div>
    <!--css div popup end-->
    </td>
</tr>

<tr id='pt1.28' class='hiddenRow'>
    <td class='none'><div class='testcase'>test_28_TJC_pro_normal_twoStar_backGroup</div></td>
    <td colspan='5' align='center'>PASS</td>
</tr>

<tr id='pt1.29' class='hiddenRow'>
    <td class='none'><div class='testcase'>test_29_TJC_pro_normal_twoStar_backOrder</div></td>
    <td colspan='5' align='center'>PASS</td>
</tr>

<tr id='pt1.30' class='hiddenRow'>
    <td class='none'><div class='testcase'>test_30_TJC_pro_normal_dingweidan</div></td>
    <td colspan='5' align='center'>PASS</td>
</tr>

<tr id='pt1.31' class='hiddenRow'>
    <td class='none'><div class='testcase'>test_31_TJC_pro_normal_budingweidan_front3</div></td>
    <td colspan='5' align='center'>PASS</td>
</tr>

<tr id='pt1.32' class='hiddenRow'>
    <td class='none'><div class='testcase'>test_32_TJC_pro_normal_budingweidan_middle3</div></td>
    <td colspan='5' align='center'>PASS</td>
</tr>

<tr id='pt1.33' class='hiddenRow'>
    <td class='none'><div class='testcase'>test_33_TJC_pro_normal_budingweidan_back3</div></td>
    <td colspan='5' align='center'>PASS</td>
</tr>

<tr id='pt1.34' class='hiddenRow'>
    <td class='none'><div class='testcase'>test_34_TJC_pro_normal_bigSmallOddEven</div></td>
    <td colspan='5' align='center'>PASS</td>
</tr>

<tr id='pt1.35' class='hiddenRow'>
    <td class='none'><div class='testcase'>test_35_TJC_pro_normal_freeSelection_twoDirect</div></td>
    <td colspan='5' align='center'>PASS</td>
</tr>

<tr id='pt1.36' class='hiddenRow'>
    <td class='none'><div class='testcase'>test_36_TJC_pro_normal_freeSelection_twoGroup</div></td>
    <td colspan='5' align='center'>PASS</td>
</tr>

<tr id='pt1.37' class='hiddenRow'>
    <td class='none'><div class='testcase'>test_37_TJC_pro_normal_freeSelection_twoOrder</div></td>
    <td colspan='5' align='center'>PASS</td>
</tr>

<tr id='pt1.38' class='hiddenRow'>
    <td class='none'><div class='testcase'>test_38_TJC_pro_normal_freeSelection_threeDirect</div></td>
    <td colspan='5' align='center'>PASS</td>
</tr>

<tr id='pt1.39' class='hiddenRow'>
    <td class='none'><div class='testcase'>test_39_TJC_pro_normal_freeSelection_threeGroup3</div></td>
    <td colspan='5' align='center'>PASS</td>
</tr>

<tr id='pt1.40' class='hiddenRow'>
    <td class='none'><div class='testcase'>test_40_TJC_pro_normal_freeSelection_threeGroup6</div></td>
    <td colspan='5' align='center'>PASS</td>
</tr>

<tr id='pt1.41' class='hiddenRow'>
    <td class='none'><div class='testcase'>test_41_TJC_pro_normal_freeSelection_threeOrder</div></td>
    <td colspan='5' align='center'>PASS</td>
</tr>

<tr id='pt1.42' class='hiddenRow'>
    <td class='none'><div class='testcase'>test_42_TJC_pro_normal_freeSelection_fourDirect</div></td>
    <td colspan='5' align='center'>PASS</td>
</tr>

<tr id='pt1.43' class='hiddenRow'>
    <td class='none'><div class='testcase'>test_43_TJC_pro_normal_freeSelection_fourOrder</div></td>
    <td colspan='5' align='center'>PASS</td>
</tr>

    <tr class='passClass'>
        <td>test_GamePageSSC_TJC_TwoSide.TJC_TwoSide</td>
        <td>12</td>
        <td>12</td>
        <td>0</td>
        <td>0</td>
        <td><a href="javascript:showClassDetail('c2',12)">Detail</a></td>
    </tr>

<tr id='pt2.1' class='hiddenRow'>
    <td class='none'><div class='testcase'>test_44_TJC_twoSide_firstBall</div></td>
    <td colspan='5' align='center'>PASS</td>
</tr>

<tr id='pt2.2' class='hiddenRow'>
    <td class='none'><div class='testcase'>test_45_TJC_twoSide_secondBall</div></td>
    <td colspan='5' align='center'>PASS</td>
</tr>

<tr id='pt2.3' class='hiddenRow'>
    <td class='none'><div class='testcase'>test_46_TJC_twoSide_thirdBall</div></td>
    <td colspan='5' align='center'>PASS</td>
</tr>

<tr id='pt2.4' class='hiddenRow'>
    <td class='none'><div class='testcase'>test_47_TJC_twoSide_fourthBall</div></td>
    <td colspan='5' align='center'>PASS</td>
</tr>

<tr id='pt2.5' class='hiddenRow'>
    <td class='none'><div class='testcase'>test_48_TJC_twoSide_fifthBall</div></td>
    <td colspan='5' align='center'>PASS</td>
</tr>

<tr id='pt2.6' class='hiddenRow'>
    <td class='none'><div class='testcase'>test_49_TJC_twoSide_total</div></td>
    <td colspan='5' align='center'>PASS</td>
</tr>

<tr id='pt2.7' class='hiddenRow'>
    <td class='none'><div class='testcase'>test_50_TJC_twoSide_front3</div></td>
    <td colspan='5' align='center'>PASS</td>
</tr>

<tr id='pt2.8' class='hiddenRow'>
    <td class='none'><div class='testcase'>test_51_TJC_twoSide_middle3</div></td>
    <td colspan='5' align='center'>PASS</td>
</tr>

<tr id='pt2.9' class='hiddenRow'>
    <td class='none'><div class='testcase'>test_52_TJC_twoSide_back3</div></td>
    <td colspan='5' align='center'>PASS</td>
</tr>

<tr id='pt2.10' class='hiddenRow'>
    <td class='none'><div class='testcase'>test_53_TJC_twoSide_dragon</div></td>
    <td colspan='5' align='center'>PASS</td>
</tr>

<tr id='pt2.11' class='hiddenRow'>
    <td class='none'><div class='testcase'>test_54_TJC_twoSide_tiger</div></td>
    <td colspan='5' align='center'>PASS</td>
</tr>

<tr id='pt2.12' class='hiddenRow'>
    <td class='none'><div class='testcase'>test_55_TJC_twoSide_equal</div></td>
    <td colspan='5' align='center'>PASS</td>
</tr>

    <tr class='errorClass'>
        <td>test_GamePage11x5_JX11x5_Pro.JX11x5_Pro</td>
        <td>42</td>
        <td>35</td>
        <td>2</td>
        <td>5</td>
        <td><a href="javascript:showClassDetail('c3',42)">Detail</a></td>
    </tr>

<tr id='pt3.1' class='hiddenRow'>
    <td class='none'><div class='testcase'>test_01_JX11x5_pro_normal_r2_standard</div></td>
    <td colspan='5' align='center'>PASS</td>
</tr>

<tr id='pt3.2' class='hiddenRow'>
    <td class='none'><div class='testcase'>test_02_JX11x5_pro_normal_r2_order</div></td>
    <td colspan='5' align='center'>PASS</td>
</tr>

<tr id='pt3.3' class='hiddenRow'>
    <td class='none'><div class='testcase'>test_03_JX11x5_pro_normal_r3_standard</div></td>
    <td colspan='5' align='center'>PASS</td>
</tr>

<tr id='pt3.4' class='hiddenRow'>
    <td class='none'><div class='testcase'>test_04_JX11x5_pro_normal_r3_order</div></td>
    <td colspan='5' align='center'>PASS</td>
</tr>

<tr id='pt3.5' class='hiddenRow'>
    <td class='none'><div class='testcase'>test_05_JX11x5_pro_normal_r4_standard</div></td>
    <td colspan='5' align='center'>PASS</td>
</tr>

<tr id='pt3.6' class='hiddenRow'>
    <td class='none'><div class='testcase'>test_06_JX11x5_pro_normal_r4_order</div></td>
    <td colspan='5' align='center'>PASS</td>
</tr>

<tr id='pt3.7' class='hiddenRow'>
    <td class='none'><div class='testcase'>test_07_JX11x5_pro_normal_r5_standard</div></td>
    <td colspan='5' align='center'>PASS</td>
</tr>

<tr id='pt3.8' class='hiddenRow'>
    <td class='none'><div class='testcase'>test_08_JX11x5_pro_normal_r5_order</div></td>
    <td colspan='5' align='center'>PASS</td>
</tr>

<tr id='pt3.9' class='hiddenRow'>
    <td class='none'><div class='testcase'>test_09_JX11x5_pro_normal_r6_standard</div></td>
    <td colspan='5' align='center'>PASS</td>
</tr>

<tr id='pt3.10' class='hiddenRow'>
    <td class='none'><div class='testcase'>test_10_JX11x5_pro_normal_r6_order</div></td>
    <td colspan='5' align='center'>PASS</td>
</tr>

<tr id='pt3.11' class='hiddenRow'>
    <td class='none'><div class='testcase'>test_11_JX11x5_pro_normal_r7_standard</div></td>
    <td colspan='5' align='center'>PASS</td>
</tr>

<tr id='ft3.12' class='none'>
    <td class='errorCase'><div class='testcase'>test_12_JX11x5_pro_normal_r7_order</div></td>
    <td colspan='5' align='center'>
    <!--css div popup start-->
    <a class="popup_link" onfocus='this.blur();' href="javascript:showTestDetail('div_ft3.12')" >
        ERROR</a>
    <div id='div_ft3.12' class="popup_window">
        <pre>ft3.12: Traceback (most recent call last):
  File "C:\Users\alvis.chen\mobileAuto\test_UI\case\test_GamePage11x5_JX11x5_Pro.py", line 238, in test_12_JX11x5_pro_normal_r7_order
    page_11x5.bet_pro_all("r7", "order", bet_number="01020304050607,01020304050608;01020304050609*01020304050610")
  File "C:\Users\alvis.chen\mobileAuto\test_UI\page\GamePage11x5.py", line 115, in bet_pro_all
    self.input(*Xpath.betting_input_field, contents=bet_number)
  File "C:\Users\alvis.chen\mobileAuto\test_UI\common\BasePage.py", line 72, in input
    self.execute_script("reactTriggerChange(arguments[0]);", input_field)
  File "C:\Users\alvis.chen\mobileAuto\test_UI\common\BasePage.py", line 50, in execute_script
    return self.driver.execute_script(js, *loc)
  File "C:\Users\alvis.chen\AppData\Local\Programs\Python\Python38-32\lib\site-packages\selenium\webdriver\remote\webdriver.py", line 634, in execute_script
    return self.execute(command, {
  File "C:\Users\alvis.chen\AppData\Local\Programs\Python\Python38-32\lib\site-packages\selenium\webdriver\remote\webdriver.py", line 321, in execute
    self.error_handler.check_response(response)
  File "C:\Users\alvis.chen\AppData\Local\Programs\Python\Python38-32\lib\site-packages\appium\webdriver\errorhandler.py", line 29, in check_response
    raise wde
  File "C:\Users\alvis.chen\AppData\Local\Programs\Python\Python38-32\lib\site-packages\appium\webdriver\errorhandler.py", line 24, in check_response
    super(MobileErrorHandler, self).check_response(response)
  File "C:\Users\alvis.chen\AppData\Local\Programs\Python\Python38-32\lib\site-packages\selenium\webdriver\remote\errorhandler.py", line 242, in check_response
    raise exception_class(message, screen, stacktrace)
selenium.common.exceptions.WebDriverException: Message: unknown error (An unknown server-side error occurred. status='false'. Failed to complete internal method: 'hybridRunJavascript args: [, 0, result = null;resultType = null;resultMessage = null;function getPathToWithSuffix(element,suffix) {if (element.tagName.toUpperCase() == "HTML".toUpperCase())return '//html'+suffix;if (element===document.body)return '//html/body[1]'+suffix;var ix= 0;var siblings= element.parentNode.childNodes;for (var i= 0; i&lt;siblings.length; i++) {var sibling= siblings[i];if (sibling===element)return getPathToWithSuffix(element.parentNode,'/'+element.tagName.toLowerCase()+'['+(ix+1)+']'+suffix);if (sibling.nodeType===1 &amp;&amp; sibling.tagName===element.tagName)ix++;}}function runScriptResultWrapper(element){if((typeof element === undefined) || element == null){result = null;resultMessage = null;return;}else if (typeof element === 'string' || element instanceof String){result = element;resultType = "string";resultMessage = null;return;}else if (typeof element === 'number' || element instanceof Number){if(element % 1 === 0){resultType = "int"}else{resultType = "float";}result = element;resultMessage = null;return;}else if (typeof element === 'boolean' || element instanceof Boolean){resultType = "boolean";result = element;resultMessage = null;return;}var paths = [];if(element.constructor === Array || element.length &gt; 0){var elements = element;for (i = 0; i &lt; elements.length; i++) {var elementPath = getPathToWithSuffix(elements[i],"");paths[i] = elementPath;}resultMessage = null;}else if(!element.parentNode){resultType = "object";result = element;resultMessage = null;return;}else{resultMessage = null;paths[0] = getPathToWithSuffix(element,"");}resultType = null;result = {value: paths};};var userFunc = function() {var arguments = new Array();arguments[0]=document.evaluate("(//*[translate(local-name(), 'abcdefghijklmnopqrstuvwxyz', 'ABCDEFGHIJKLMNOPQRSTUVWXYZ')='TEXTAREA'])[1] | (//*[local-name()='TEXTAREA'])[1]", document, null, XPathResult.ANY_TYPE, null).iterateNext();;reactTriggerChange(arguments[0]);;};result = null;var temp_result = userFunc();if(result == null) {result = temp_result;} runScriptResultWrapper(result);]', details: Failed to run javascript '': null) 

</pre>
    </div>
    <!--css div popup end-->
    </td>
</tr>

<tr id='pt3.13' class='hiddenRow'>
    <td class='none'><div class='testcase'>test_13_JX11x5_pro_normal_r8_standard</div></td>
    <td colspan='5' align='center'>
    <!--css div popup start-->
    <a class="popup_link" onfocus='this.blur();' href="javascript:showTestDetail('div_pt3.13')" >
        PASS</a>
    <div id='div_pt3.13' class="popup_window">
        <pre>pt3.13: 1 Message: no such element (An element could not be located on the page using the given search parameters (XPATH='//*[@class='status-bottom']/*[1]')) 

</pre>
    </div>
    <!--css div popup end-->
    </td>
</tr>

<tr id='pt3.14' class='hiddenRow'>
    <td class='none'><div class='testcase'>test_14_JX11x5_pro_normal_r8_order</div></td>
    <td colspan='5' align='center'>PASS</td>
</tr>

<tr id='pt3.15' class='hiddenRow'>
    <td class='none'><div class='testcase'>test_15_JX11x5_pro_normal_front1_directStandard</div></td>
    <td colspan='5' align='center'>PASS</td>
</tr>

<tr id='pt3.16' class='hiddenRow'>
    <td class='none'><div class='testcase'>test_16_JX11x5_pro_normal_front1_directOrder</div></td>
    <td colspan='5' align='center'>PASS</td>
</tr>

<tr id='ft3.17' class='none'>
    <td class='failCase'><div class='testcase'>test_17_JX11x5_pro_normal_front2_directStandard</div></td>
    <td colspan='5' align='center'>
    <!--css div popup start-->
    <a class="popup_link" onfocus='this.blur();' href="javascript:showTestDetail('div_ft3.17')" >
        FAIL</a>
    <div id='div_ft3.17' class="popup_window">
        <pre>ft3.17: Traceback (most recent call last):
  File "C:\Users\alvis.chen\mobileAuto\test_UI\case\test_GamePage11x5_JX11x5_Pro.py", line 347, in test_17_JX11x5_pro_normal_front2_directStandard
    Assertion.assertOrderInfo(expect_data, order_info_confirm, order_info_done)
  File "C:\Users\alvis.chen\mobileAuto\utils\Assertion.py", line 23, in assertOrderInfo
    self.assertEqual(expect_data[count], order_info_confirm[count])
AssertionError: '2.20' != '1.10'
- 2.20
+ 1.10

</pre>
    </div>
    <!--css div popup end-->
    </td>
</tr>

<tr id='ft3.18' class='none'>
    <td class='errorCase'><div class='testcase'>test_18_JX11x5_pro_normal_front2_groupSelect</div></td>
    <td colspan='5' align='center'>
    <!--css div popup start-->
    <a class="popup_link" onfocus='this.blur();' href="javascript:showTestDetail('div_ft3.18')" >
        ERROR</a>
    <div id='div_ft3.18' class="popup_window">
        <pre>ft3.18: 1 Message: no such element (An element could not be located on the page using the given search parameters (XPATH='//*[contains(@class,'checkout-button')]')) 

2 Message: no such element (An element could not be located on the page using the given search parameters (XPATH='//*[contains(@class,'checkout-button')]')) 

3 Message: no such element (An element could not be located on the page using the given search parameters (XPATH='//*[contains(@class,'checkout-button')]')) 

4 Message: no such element (An element could not be located on the page using the given search parameters (XPATH='//*[contains(@class,'checkout-button')]')) 

5 Message: no such element (An element could not be located on the page using the given search parameters (XPATH='//*[contains(@class,'checkout-button')]')) 

6 Message: no such element (An element could not be located on the page using the given search parameters (XPATH='//*[contains(@class,'checkout-button')]')) 

7 Message: no such element (An element could not be located on the page using the given search parameters (XPATH='//*[contains(@class,'checkout-button')]')) 

8 Message: no such element (An element could not be located on the page using the given search parameters (XPATH='//*[contains(@class,'checkout-button')]')) 

9 Message: no such element (An element could not be located on the page using the given search parameters (XPATH='//*[contains(@class,'checkout-button')]')) 

10 Message: no such element (An element could not be located on the page using the given search parameters (XPATH='//*[contains(@class,'checkout-button')]')) 

11 Message: no such element (An element could not be located on the page using the given search parameters (XPATH='//*[contains(@class,'checkout-button')]')) 

12 Message: no such element (An element could not be located on the page using the given search parameters (XPATH='//*[contains(@class,'checkout-button')]')) 

13 Message: no such element (An element could not be located on the page using the given search parameters (XPATH='//*[contains(@class,'checkout-button')]')) 

14 Message: no such element (An element could not be located on the page using the given search parameters (XPATH='//*[contains(@class,'checkout-button')]')) 

15 Message: no such element (An element could not be located on the page using the given search parameters (XPATH='//*[contains(@class,'checkout-button')]')) 

Traceback (most recent call last):
  File "C:\Users\alvis.chen\mobileAuto\test_UI\case\test_GamePage11x5_JX11x5_Pro.py", line 358, in test_18_JX11x5_pro_normal_front2_groupSelect
    bet_flow.click_payment("pro")
  File "C:\Users\alvis.chen\mobileAuto\test_UI\common\GamePageCommon.py", line 166, in click_payment
    payment_button.click()
AttributeError: 'NoneType' object has no attribute 'click'
</pre>
    </div>
    <!--css div popup end-->
    </td>
</tr>

<tr id='ft3.19' class='none'>
    <td class='errorCase'><div class='testcase'>test_19_JX11x5_pro_normal_front2_directOrder</div></td>
    <td colspan='5' align='center'>
    <!--css div popup start-->
    <a class="popup_link" onfocus='this.blur();' href="javascript:showTestDetail('div_ft3.19')" >
        ERROR</a>
    <div id='div_ft3.19' class="popup_window">
        <pre>ft3.19: 1 Message: no such element (An element could not be located on the page using the given search parameters (XPATH='//*[@nodeName='TEXTAREA']')) 

2 Message: no such element (An element could not be located on the page using the given search parameters (XPATH='//*[@nodeName='TEXTAREA']')) 

3 Message: no such element (An element could not be located on the page using the given search parameters (XPATH='//*[@nodeName='TEXTAREA']')) 

4 Message: no such element (An element could not be located on the page using the given search parameters (XPATH='//*[@nodeName='TEXTAREA']')) 

5 Message: no such element (An element could not be located on the page using the given search parameters (XPATH='//*[@nodeName='TEXTAREA']')) 

6 Message: no such element (An element could not be located on the page using the given search parameters (XPATH='//*[@nodeName='TEXTAREA']')) 

7 Message: no such element (An element could not be located on the page using the given search parameters (XPATH='//*[@nodeName='TEXTAREA']')) 

8 Message: no such element (An element could not be located on the page using the given search parameters (XPATH='//*[@nodeName='TEXTAREA']')) 

9 Message: no such element (An element could not be located on the page using the given search parameters (XPATH='//*[@nodeName='TEXTAREA']')) 

10 Message: no such element (An element could not be located on the page using the given search parameters (XPATH='//*[@nodeName='TEXTAREA']')) 

11 Message: no such element (An element could not be located on the page using the given search parameters (XPATH='//*[@nodeName='TEXTAREA']')) 

12 Message: no such element (An element could not be located on the page using the given search parameters (XPATH='//*[@nodeName='TEXTAREA']')) 

13 Message: no such element (An element could not be located on the page using the given search parameters (XPATH='//*[@nodeName='TEXTAREA']')) 

14 Message: no such element (An element could not be located on the page using the given search parameters (XPATH='//*[@nodeName='TEXTAREA']')) 

15 Message: no such element (An element could not be located on the page using the given search parameters (XPATH='//*[@nodeName='TEXTAREA']')) 

Traceback (most recent call last):
  File "C:\Users\alvis.chen\mobileAuto\test_UI\case\test_GamePage11x5_JX11x5_Pro.py", line 371, in test_19_JX11x5_pro_normal_front2_directOrder
    page_11x5.bet_pro_all("front2", "directOrder", bet_number="0102,0103;0104*0105")
  File "C:\Users\alvis.chen\mobileAuto\test_UI\page\GamePage11x5.py", line 115, in bet_pro_all
    self.input(*Xpath.betting_input_field, contents=bet_number)
  File "C:\Users\alvis.chen\mobileAuto\test_UI\common\BasePage.py", line 71, in input
    input_field.send_keys(contents)
AttributeError: 'NoneType' object has no attribute 'send_keys'
</pre>
    </div>
    <!--css div popup end-->
    </td>
</tr>

<tr id='ft3.20' class='none'>
    <td class='failCase'><div class='testcase'>test_20_JX11x5_pro_normal_front3_directStandard</div></td>
    <td colspan='5' align='center'>
    <!--css div popup start-->
    <a class="popup_link" onfocus='this.blur();' href="javascript:showTestDetail('div_ft3.20')" >
        FAIL</a>
    <div id='div_ft3.20' class="popup_window">
        <pre>ft3.20: Traceback (most recent call last):
  File "C:\Users\alvis.chen\mobileAuto\test_UI\case\test_GamePage11x5_JX11x5_Pro.py", line 404, in test_20_JX11x5_pro_normal_front3_directStandard
    Assertion.assertOrderInfo(expect_data, order_info_confirm, order_info_done)
  File "C:\Users\alvis.chen\mobileAuto\utils\Assertion.py", line 23, in assertOrderInfo
    self.assertEqual(expect_data[count], order_info_confirm[count])
AssertionError: '19.80' != '3.30'
- 19.80
+ 3.30

</pre>
    </div>
    <!--css div popup end-->
    </td>
</tr>

<tr id='ft3.21' class='none'>
    <td class='errorCase'><div class='testcase'>test_21_JX11x5_pro_normal_front3_groupSelect</div></td>
    <td colspan='5' align='center'>
    <!--css div popup start-->
    <a class="popup_link" onfocus='this.blur();' href="javascript:showTestDetail('div_ft3.21')" >
        ERROR</a>
    <div id='div_ft3.21' class="popup_window">
        <pre>ft3.21: 1 Message: no such element (An element could not be located on the page using the given search parameters (XPATH='//*[contains(@class,'checkout-button')]')) 

2 Message: no such element (An element could not be located on the page using the given search parameters (XPATH='//*[contains(@class,'checkout-button')]')) 

3 Message: no such element (An element could not be located on the page using the given search parameters (XPATH='//*[contains(@class,'checkout-button')]')) 

4 Message: no such element (An element could not be located on the page using the given search parameters (XPATH='//*[contains(@class,'checkout-button')]')) 

5 Message: no such element (An element could not be located on the page using the given search parameters (XPATH='//*[contains(@class,'checkout-button')]')) 

6 Message: no such element (An element could not be located on the page using the given search parameters (XPATH='//*[contains(@class,'checkout-button')]')) 

7 Message: no such element (An element could not be located on the page using the given search parameters (XPATH='//*[contains(@class,'checkout-button')]')) 

8 Message: no such element (An element could not be located on the page using the given search parameters (XPATH='//*[contains(@class,'checkout-button')]')) 

9 Message: no such element (An element could not be located on the page using the given search parameters (XPATH='//*[contains(@class,'checkout-button')]')) 

10 Message: no such element (An element could not be located on the page using the given search parameters (XPATH='//*[contains(@class,'checkout-button')]')) 

11 Message: no such element (An element could not be located on the page using the given search parameters (XPATH='//*[contains(@class,'checkout-button')]')) 

12 Message: no such element (An element could not be located on the page using the given search parameters (XPATH='//*[contains(@class,'checkout-button')]')) 

13 Message: no such element (An element could not be located on the page using the given search parameters (XPATH='//*[contains(@class,'checkout-button')]')) 

14 Message: no such element (An element could not be located on the page using the given search parameters (XPATH='//*[contains(@class,'checkout-button')]')) 

15 Message: no such element (An element could not be located on the page using the given search parameters (XPATH='//*[contains(@class,'checkout-button')]')) 

Traceback (most recent call last):
  File "C:\Users\alvis.chen\mobileAuto\test_UI\case\test_GamePage11x5_JX11x5_Pro.py", line 415, in test_21_JX11x5_pro_normal_front3_groupSelect
    bet_flow.click_payment("pro")
  File "C:\Users\alvis.chen\mobileAuto\test_UI\common\GamePageCommon.py", line 166, in click_payment
    payment_button.click()
AttributeError: 'NoneType' object has no attribute 'click'
</pre>
    </div>
    <!--css div popup end-->
    </td>
</tr>

<tr id='ft3.22' class='none'>
    <td class='errorCase'><div class='testcase'>test_22_JX11x5_pro_normal_front3_directOrder</div></td>
    <td colspan='5' align='center'>
    <!--css div popup start-->
    <a class="popup_link" onfocus='this.blur();' href="javascript:showTestDetail('div_ft3.22')" >
        ERROR</a>
    <div id='div_ft3.22' class="popup_window">
        <pre>ft3.22: 1 Message: no such element (An element could not be located on the page using the given search parameters (XPATH='//*[@nodeName='TEXTAREA']')) 

2 Message: no such element (An element could not be located on the page using the given search parameters (XPATH='//*[@nodeName='TEXTAREA']')) 

3 Message: no such element (An element could not be located on the page using the given search parameters (XPATH='//*[@nodeName='TEXTAREA']')) 

4 Message: no such element (An element could not be located on the page using the given search parameters (XPATH='//*[@nodeName='TEXTAREA']')) 

5 Message: no such element (An element could not be located on the page using the given search parameters (XPATH='//*[@nodeName='TEXTAREA']')) 

6 Message: no such element (An element could not be located on the page using the given search parameters (XPATH='//*[@nodeName='TEXTAREA']')) 

7 Message: no such element (An element could not be located on the page using the given search parameters (XPATH='//*[@nodeName='TEXTAREA']')) 

8 Message: no such element (An element could not be located on the page using the given search parameters (XPATH='//*[@nodeName='TEXTAREA']')) 

9 Message: no such element (An element could not be located on the page using the given search parameters (XPATH='//*[@nodeName='TEXTAREA']')) 

10 Message: no such element (An element could not be located on the page using the given search parameters (XPATH='//*[@nodeName='TEXTAREA']')) 

11 Message: no such element (An element could not be located on the page using the given search parameters (XPATH='//*[@nodeName='TEXTAREA']')) 

12 Message: no such element (An element could not be located on the page using the given search parameters (XPATH='//*[@nodeName='TEXTAREA']')) 

13 Message: no such element (An element could not be located on the page using the given search parameters (XPATH='//*[@nodeName='TEXTAREA']')) 

14 Message: no such element (An element could not be located on the page using the given search parameters (XPATH='//*[@nodeName='TEXTAREA']')) 

15 Message: no such element (An element could not be located on the page using the given search parameters (XPATH='//*[@nodeName='TEXTAREA']')) 

Traceback (most recent call last):
  File "C:\Users\alvis.chen\mobileAuto\test_UI\case\test_GamePage11x5_JX11x5_Pro.py", line 428, in test_22_JX11x5_pro_normal_front3_directOrder
    page_11x5.bet_pro_all("front3", "directOrder", bet_number="010203,010204;010205*010206")
  File "C:\Users\alvis.chen\mobileAuto\test_UI\page\GamePage11x5.py", line 115, in bet_pro_all
    self.input(*Xpath.betting_input_field, contents=bet_number)
  File "C:\Users\alvis.chen\mobileAuto\test_UI\common\BasePage.py", line 71, in input
    input_field.send_keys(contents)
AttributeError: 'NoneType' object has no attribute 'send_keys'
</pre>
    </div>
    <!--css div popup end-->
    </td>
</tr>

<tr id='pt3.23' class='hiddenRow'>
    <td class='none'><div class='testcase'>test_23_JX11x5_pro_fun_sum_front3</div></td>
    <td colspan='5' align='center'>PASS</td>
</tr>

<tr id='pt3.24' class='hiddenRow'>
    <td class='none'><div class='testcase'>test_24_JX11x5_pro_fun_sum_middle3</div></td>
    <td colspan='5' align='center'>PASS</td>
</tr>

<tr id='pt3.25' class='hiddenRow'>
    <td class='none'><div class='testcase'>test_25_JX11x5_pro_fun_sum_back3</div></td>
    <td colspan='5' align='center'>PASS</td>
</tr>

<tr id='pt3.26' class='hiddenRow'>
    <td class='none'><div class='testcase'>test_26_JX11x5_pro_fun_sum_front2</div></td>
    <td colspan='5' align='center'>PASS</td>
</tr>

<tr id='pt3.27' class='hiddenRow'>
    <td class='none'><div class='testcase'>test_27_JX11x5_pro_fun_sum_back2</div></td>
    <td colspan='5' align='center'>PASS</td>
</tr>

<tr id='pt3.28' class='hiddenRow'>
    <td class='none'><div class='testcase'>test_28_JX11x5_pro_fun_crossDegree_all5</div></td>
    <td colspan='5' align='center'>PASS</td>
</tr>

<tr id='pt3.29' class='hiddenRow'>
    <td class='none'><div class='testcase'>test_29_JX11x5_pro_fun_crossDegree_front3</div></td>
    <td colspan='5' align='center'>PASS</td>
</tr>

<tr id='pt3.30' class='hiddenRow'>
    <td class='none'><div class='testcase'>test_30_JX11x5_pro_fun_crossDegree_middle3</div></td>
    <td colspan='5' align='center'>PASS</td>
</tr>

<tr id='pt3.31' class='hiddenRow'>
    <td class='none'><div class='testcase'>test_31_JX11x5_pro_fun_crossDegree_back3</div></td>
    <td colspan='5' align='center'>PASS</td>
</tr>

<tr id='pt3.32' class='hiddenRow'>
    <td class='none'><div class='testcase'>test_32_JX11x5_pro_fun_cowcow</div></td>
    <td colspan='5' align='center'>PASS</td>
</tr>

<tr id='pt3.33' class='hiddenRow'>
    <td class='none'><div class='testcase'>test_33_JX11x5_pro_fun_cardPoint_front3</div></td>
    <td colspan='5' align='center'>PASS</td>
</tr>

<tr id='pt3.34' class='hiddenRow'>
    <td class='none'><div class='testcase'>test_34_JX11x5_pro_fun_cardPoint_middle3</div></td>
    <td colspan='5' align='center'>PASS</td>
</tr>

<tr id='pt3.35' class='hiddenRow'>
    <td class='none'><div class='testcase'>test_35_JX11x5_pro_fun_cardPoint_back3</div></td>
    <td colspan='5' align='center'>PASS</td>
</tr>

<tr id='pt3.36' class='hiddenRow'>
    <td class='none'><div class='testcase'>test_36_JX11x5_pro_fun_dragonTiger_all5</div></td>
    <td colspan='5' align='center'>PASS</td>
</tr>

<tr id='pt3.37' class='hiddenRow'>
    <td class='none'><div class='testcase'>test_37_JX11x5_pro_fun_dragonTiger_front3</div></td>
    <td colspan='5' align='center'>PASS</td>
</tr>

<tr id='pt3.38' class='hiddenRow'>
    <td class='none'><div class='testcase'>test_38_JX11x5_pro_fun_dragonTiger_middle3</div></td>
    <td colspan='5' align='center'>PASS</td>
</tr>

<tr id='pt3.39' class='hiddenRow'>
    <td class='none'><div class='testcase'>test_39_JX11x5_pro_fun_dragonTiger_back3</div></td>
    <td colspan='5' align='center'>PASS</td>
</tr>

<tr id='pt3.40' class='hiddenRow'>
    <td class='none'><div class='testcase'>test_40_JX11x5_pro_fun_dragonTiger_front2</div></td>
    <td colspan='5' align='center'>PASS</td>
</tr>

<tr id='pt3.41' class='hiddenRow'>
    <td class='none'><div class='testcase'>test_41_JX11x5_pro_fun_dragonTiger_back2</div></td>
    <td colspan='5' align='center'>PASS</td>
</tr>

<tr id='pt3.42' class='hiddenRow'>
    <td class='none'><div class='testcase'>test_42_JX11x5_pro_fun_alwaysGuess</div></td>
    <td colspan='5' align='center'>PASS</td>
</tr>

    <tr class='errorClass'>
        <td>test_GamePage11x5_JX11x5_TwoSide.JX11x5_TwoSide</td>
        <td>8</td>
        <td>6</td>
        <td>0</td>
        <td>2</td>
        <td><a href="javascript:showClassDetail('c4',8)">Detail</a></td>
    </tr>

<tr id='pt4.1' class='hiddenRow'>
    <td class='none'><div class='testcase'>test_43_JX11x5_twoSide_firstBall</div></td>
    <td colspan='5' align='center'>PASS</td>
</tr>

<tr id='pt4.2' class='hiddenRow'>
    <td class='none'><div class='testcase'>test_44_JX11x5_twoSide_secondBall</div></td>
    <td colspan='5' align='center'>PASS</td>
</tr>

<tr id='pt4.3' class='hiddenRow'>
    <td class='none'><div class='testcase'>test_45_JX11x5_twoSide_thirdBall</div></td>
    <td colspan='5' align='center'>PASS</td>
</tr>

<tr id='pt4.4' class='hiddenRow'>
    <td class='none'><div class='testcase'>test_46_JX11x5_twoSide_fourthBall</div></td>
    <td colspan='5' align='center'>PASS</td>
</tr>

<tr id='pt4.5' class='hiddenRow'>
    <td class='none'><div class='testcase'>test_47_JX11x5_twoSide_fifthBall</div></td>
    <td colspan='5' align='center'>PASS</td>
</tr>

<tr id='pt4.6' class='hiddenRow'>
    <td class='none'><div class='testcase'>test_48_JX11x5_twoSide_total</div></td>
    <td colspan='5' align='center'>PASS</td>
</tr>

<tr id='ft4.7' class='none'>
    <td class='errorCase'><div class='testcase'>test_49_JX11x5_twoSide_dragon</div></td>
    <td colspan='5' align='center'>
    <!--css div popup start-->
    <a class="popup_link" onfocus='this.blur();' href="javascript:showTestDetail('div_ft4.7')" >
        ERROR</a>
    <div id='div_ft4.7' class="popup_window">
        <pre>ft4.7: not enough values to unpack (expected 3, got 1)
1 Message: no such element (An element could not be located on the page using the given search parameters (XPATH='//*[@class='swal2-content']//*[@id='swal2-content']/*[1]')) 

2 Message: no such element (An element could not be located on the page using the given search parameters (XPATH='//*[@class='swal2-content']//*[@id='swal2-content']/*[1]')) 

3 Message: no such element (An element could not be located on the page using the given search parameters (XPATH='//*[@class='swal2-content']//*[@id='swal2-content']/*[1]')) 

4 Message: no such element (An element could not be located on the page using the given search parameters (XPATH='//*[@class='swal2-content']//*[@id='swal2-content']/*[1]')) 

5 Message: no such element (An element could not be located on the page using the given search parameters (XPATH='//*[@class='swal2-content']//*[@id='swal2-content']/*[1]')) 

6 Message: no such element (An element could not be located on the page using the given search parameters (XPATH='//*[@class='swal2-content']//*[@id='swal2-content']/*[1]')) 

7 Message: no such element (An element could not be located on the page using the given search parameters (XPATH='//*[@class='swal2-content']//*[@id='swal2-content']/*[1]')) 

8 Message: no such element (An element could not be located on the page using the given search parameters (XPATH='//*[@class='swal2-content']//*[@id='swal2-content']/*[1]')) 

9 Message: no such element (An element could not be located on the page using the given search parameters (XPATH='//*[@class='swal2-content']//*[@id='swal2-content']/*[1]')) 

10 Message: no such element (An element could not be located on the page using the given search parameters (XPATH='//*[@class='swal2-content']//*[@id='swal2-content']/*[1]')) 

11 Message: no such element (An element could not be located on the page using the given search parameters (XPATH='//*[@class='swal2-content']//*[@id='swal2-content']/*[1]')) 

12 Message: no such element (An element could not be located on the page using the given search parameters (XPATH='//*[@class='swal2-content']//*[@id='swal2-content']/*[1]')) 

13 Message: no such element (An element could not be located on the page using the given search parameters (XPATH='//*[@class='swal2-content']//*[@id='swal2-content']/*[1]')) 

14 Message: no such element (An element could not be located on the page using the given search parameters (XPATH='//*[@class='swal2-content']//*[@id='swal2-content']/*[1]')) 

15 Message: no such element (An element could not be located on the page using the given search parameters (XPATH='//*[@class='swal2-content']//*[@id='swal2-content']/*[1]')) 

Traceback (most recent call last):
  File "C:\Users\alvis.chen\mobileAuto\test_UI\case\test_GamePage11x5_JX11x5_TwoSide.py", line 143, in test_49_JX11x5_twoSide_dragon
    order_info_confirm = bet_flow.check_order_info()
  File "C:\Users\alvis.chen\mobileAuto\test_UI\common\GamePageCommon.py", line 217, in check_order_info
    order_info = self.find_element(*Xpath.order_info).text
AttributeError: 'NoneType' object has no attribute 'text'
</pre>
    </div>
    <!--css div popup end-->
    </td>
</tr>

<tr id='ft4.8' class='none'>
    <td class='errorCase'><div class='testcase'>test_50_JX11x5_twoSide_tiger</div></td>
    <td colspan='5' align='center'>
    <!--css div popup start-->
    <a class="popup_link" onfocus='this.blur();' href="javascript:showTestDetail('div_ft4.8')" >
        ERROR</a>
    <div id='div_ft4.8' class="popup_window">
        <pre>ft4.8: not enough values to unpack (expected 3, got 1)
1 Message: no such element (An element could not be located on the page using the given search parameters (XPATH='//*[@class='swal2-content']//*[@id='swal2-content']/*[1]')) 

2 Message: no such element (An element could not be located on the page using the given search parameters (XPATH='//*[@class='swal2-content']//*[@id='swal2-content']/*[1]')) 

3 Message: no such element (An element could not be located on the page using the given search parameters (XPATH='//*[@class='swal2-content']//*[@id='swal2-content']/*[1]')) 

4 Message: no such element (An element could not be located on the page using the given search parameters (XPATH='//*[@class='swal2-content']//*[@id='swal2-content']/*[1]')) 

5 Message: no such element (An element could not be located on the page using the given search parameters (XPATH='//*[@class='swal2-content']//*[@id='swal2-content']/*[1]')) 

6 Message: no such element (An element could not be located on the page using the given search parameters (XPATH='//*[@class='swal2-content']//*[@id='swal2-content']/*[1]')) 

7 Message: no such element (An element could not be located on the page using the given search parameters (XPATH='//*[@class='swal2-content']//*[@id='swal2-content']/*[1]')) 

8 Message: no such element (An element could not be located on the page using the given search parameters (XPATH='//*[@class='swal2-content']//*[@id='swal2-content']/*[1]')) 

9 Message: no such element (An element could not be located on the page using the given search parameters (XPATH='//*[@class='swal2-content']//*[@id='swal2-content']/*[1]')) 

10 Message: no such element (An element could not be located on the page using the given search parameters (XPATH='//*[@class='swal2-content']//*[@id='swal2-content']/*[1]')) 

11 Message: no such element (An element could not be located on the page using the given search parameters (XPATH='//*[@class='swal2-content']//*[@id='swal2-content']/*[1]')) 

12 Message: no such element (An element could not be located on the page using the given search parameters (XPATH='//*[@class='swal2-content']//*[@id='swal2-content']/*[1]')) 

13 Message: no such element (An element could not be located on the page using the given search parameters (XPATH='//*[@class='swal2-content']//*[@id='swal2-content']/*[1]')) 

14 Message: no such element (An element could not be located on the page using the given search parameters (XPATH='//*[@class='swal2-content']//*[@id='swal2-content']/*[1]')) 

15 Message: no such element (An element could not be located on the page using the given search parameters (XPATH='//*[@class='swal2-content']//*[@id='swal2-content']/*[1]')) 

Traceback (most recent call last):
  File "C:\Users\alvis.chen\mobileAuto\test_UI\case\test_GamePage11x5_JX11x5_TwoSide.py", line 161, in test_50_JX11x5_twoSide_tiger
    order_info_confirm = bet_flow.check_order_info()
  File "C:\Users\alvis.chen\mobileAuto\test_UI\common\GamePageCommon.py", line 217, in check_order_info
    order_info = self.find_element(*Xpath.order_info).text
AttributeError: 'NoneType' object has no attribute 'text'
</pre>
    </div>
    <!--css div popup end-->
    </td>
</tr>

    <tr class='passClass'>
        <td>test_GamePageQuick3_HQuick3_Pro.HQuick3_Pro</td>
        <td>8</td>
        <td>8</td>
        <td>0</td>
        <td>0</td>
        <td><a href="javascript:showClassDetail('c5',8)">Detail</a></td>
    </tr>

<tr id='pt5.1' class='hiddenRow'>
    <td class='none'><div class='testcase'>test_01_HQuick3_pro_normal_sum</div></td>
    <td colspan='5' align='center'>PASS</td>
</tr>

<tr id='pt5.2' class='hiddenRow'>
    <td class='none'><div class='testcase'>test_02_HQuick3_pro_normal_continuous3</div></td>
    <td colspan='5' align='center'>PASS</td>
</tr>

<tr id='pt5.3' class='hiddenRow'>
    <td class='none'><div class='testcase'>test_03_HQuick3_pro_normal_same3</div></td>
    <td colspan='5' align='center'>PASS</td>
</tr>

<tr id='pt5.4' class='hiddenRow'>
    <td class='none'><div class='testcase'>test_04_HQuick3_pro_normal_differ3</div></td>
    <td colspan='5' align='center'>PASS</td>
</tr>

<tr id='pt5.5' class='hiddenRow'>
    <td class='none'><div class='testcase'>test_05_HQuick3_pro_normal_same2_singleChoice</div></td>
    <td colspan='5' align='center'>
    <!--css div popup start-->
    <a class="popup_link" onfocus='this.blur();' href="javascript:showTestDetail('div_pt5.5')" >
        PASS</a>
    <div id='div_pt5.5' class="popup_window">
        <pre>pt5.5: 
SubTestCase Pass:
test_05_HQuick3_pro_normal_same2_singleChoice (test_GamePageQuick3_HQuick3_Pro.HQuick3_Pro) [: 1 +  + : 2-6]</pre>
    </div>
    <!--css div popup end-->
    </td>
</tr>

<tr id='pt5.6' class='hiddenRow'>
    <td class='none'><div class='testcase'>test_05_HQuick3_pro_normal_same2_singleChoice</div></td>
    <td colspan='5' align='center'>
    <!--css div popup start-->
    <a class="popup_link" onfocus='this.blur();' href="javascript:showTestDetail('div_pt5.6')" >
        PASS</a>
    <div id='div_pt5.6' class="popup_window">
        <pre>pt5.6: 
SubTestCase Pass:
test_05_HQuick3_pro_normal_same2_singleChoice (test_GamePageQuick3_HQuick3_Pro.HQuick3_Pro) [: 2-6 +  + : 1]</pre>
    </div>
    <!--css div popup end-->
    </td>
</tr>

<tr id='pt5.7' class='hiddenRow'>
    <td class='none'><div class='testcase'>test_06_HQuick3_pro_normal_same2_multiChoices</div></td>
    <td colspan='5' align='center'>PASS</td>
</tr>

<tr id='pt5.8' class='hiddenRow'>
    <td class='none'><div class='testcase'>test_07_HQuick3_pro_normal_differ2</div></td>
    <td colspan='5' align='center'>PASS</td>
</tr>

    <tr class='failClass'>
        <td>test_GamePageQuick3_HQuick3_TwoSide.HQuick3_TwoSide</td>
        <td>7</td>
        <td>6</td>
        <td>1</td>
        <td>0</td>
        <td><a href="javascript:showClassDetail('c6',7)">Detail</a></td>
    </tr>

<tr id='pt6.1' class='hiddenRow'>
    <td class='none'><div class='testcase'>test_08_HQuick3_twoSide_army3</div></td>
    <td colspan='5' align='center'>PASS</td>
</tr>

<tr id='pt6.2' class='hiddenRow'>
    <td class='none'><div class='testcase'>test_09_HQuick3_twoSide_fast3Sum</div></td>
    <td colspan='5' align='center'>PASS</td>
</tr>

<tr id='pt6.3' class='hiddenRow'>
    <td class='none'><div class='testcase'>test_10_HQuick3_twoSide_point</div></td>
    <td colspan='5' align='center'>PASS</td>
</tr>

<tr id='pt6.4' class='hiddenRow'>
    <td class='none'><div class='testcase'>test_11_HQuick3_twoSide_triple</div></td>
    <td colspan='5' align='center'>PASS</td>
</tr>

<tr id='pt6.5' class='hiddenRow'>
    <td class='none'><div class='testcase'>test_12_HQuick3_twoSide_long</div></td>
    <td colspan='5' align='center'>PASS</td>
</tr>

<tr id='ft6.6' class='none'>
    <td class='failCase'><div class='testcase'>test_13_HQuick3_twoSide_short</div></td>
    <td colspan='5' align='center'>
    <!--css div popup start-->
    <a class="popup_link" onfocus='this.blur();' href="javascript:showTestDetail('div_ft6.6')" >
        FAIL</a>
    <div id='div_ft6.6' class="popup_window">
        <pre>ft6.6: Traceback (most recent call last):
  File "C:\Users\alvis.chen\mobileAuto\test_UI\case\test_GamePageQuick3_HQuick3_TwoSide.py", line 132, in test_13_HQuick3_twoSide_short
    Assertion.assertOrderInfo(expect_data, order_info_confirm, order_info_done)
  File "C:\Users\alvis.chen\mobileAuto\utils\Assertion.py", line 23, in assertOrderInfo
    self.assertEqual(expect_data[count], order_info_confirm[count])
AssertionError: '12.00' != '28.00'
- 12.00
? -
+ 28.00
?  +

</pre>
    </div>
    <!--css div popup end-->
    </td>
</tr>

<tr id='pt6.7' class='hiddenRow'>
    <td class='none'><div class='testcase'>test_14_HQuick3_twoSide_fishShrimpCrab</div></td>
    <td colspan='5' align='center'>PASS</td>
</tr>

    <tr class='errorClass'>
        <td>test_GamePagePK10_F3Racing_Pro.F3Racing_Pro</td>
        <td>9</td>
        <td>5</td>
        <td>0</td>
        <td>4</td>
        <td><a href="javascript:showClassDetail('c7',9)">Detail</a></td>
    </tr>

<tr id='pt7.1' class='hiddenRow'>
    <td class='none'><div class='testcase'>test_01_F3Racing_pro_normal_guess1</div></td>
    <td colspan='5' align='center'>PASS</td>
</tr>

<tr id='pt7.2' class='hiddenRow'>
    <td class='none'><div class='testcase'>test_02_F3Racing_pro_normal_guess12</div></td>
    <td colspan='5' align='center'>PASS</td>
</tr>

<tr id='pt7.3' class='hiddenRow'>
    <td class='none'><div class='testcase'>test_03_F3Racing_pro_normal_guess123</div></td>
    <td colspan='5' align='center'>PASS</td>
</tr>

<tr id='ft7.4' class='none'>
    <td class='errorCase'><div class='testcase'>test_04_F3Racing_pro_normal_firstToTenth</div></td>
    <td colspan='5' align='center'>
    <!--css div popup start-->
    <a class="popup_link" onfocus='this.blur();' href="javascript:showTestDetail('div_ft7.4')" >
        ERROR</a>
    <div id='div_ft7.4' class="popup_window">
        <pre>ft7.4: Message: 

1 Message: no such element (An element could not be located on the page using the given search parameters (XPATH='//*[@nodeName='SECTION']/*[2]/*[@nodeName='BUTTON'][1]')) 

2 Message: no such element (An element could not be located on the page using the given search parameters (XPATH='//*[@nodeName='SECTION']/*[2]/*[@nodeName='BUTTON'][1]')) 

3 Message: no such element (An element could not be located on the page using the given search parameters (XPATH='//*[@nodeName='SECTION']/*[2]/*[@nodeName='BUTTON'][1]')) 

4 Message: no such element (An element could not be located on the page using the given search parameters (XPATH='//*[@nodeName='SECTION']/*[2]/*[@nodeName='BUTTON'][1]')) 

5 Message: no such element (An element could not be located on the page using the given search parameters (XPATH='//*[@nodeName='SECTION']/*[2]/*[@nodeName='BUTTON'][1]')) 

6 Message: no such element (An element could not be located on the page using the given search parameters (XPATH='//*[@nodeName='SECTION']/*[2]/*[@nodeName='BUTTON'][1]')) 

7 Message: no such element (An element could not be located on the page using the given search parameters (XPATH='//*[@nodeName='SECTION']/*[2]/*[@nodeName='BUTTON'][1]')) 

8 Message: no such element (An element could not be located on the page using the given search parameters (XPATH='//*[@nodeName='SECTION']/*[2]/*[@nodeName='BUTTON'][1]')) 

9 Message: no such element (An element could not be located on the page using the given search parameters (XPATH='//*[@nodeName='SECTION']/*[2]/*[@nodeName='BUTTON'][1]')) 

10 Message: no such element (An element could not be located on the page using the given search parameters (XPATH='//*[@nodeName='SECTION']/*[2]/*[@nodeName='BUTTON'][1]')) 

11 Message: no such element (An element could not be located on the page using the given search parameters (XPATH='//*[@nodeName='SECTION']/*[2]/*[@nodeName='BUTTON'][1]')) 

12 Message: no such element (An element could not be located on the page using the given search parameters (XPATH='//*[@nodeName='SECTION']/*[2]/*[@nodeName='BUTTON'][1]')) 

13 Message: no such element (An element could not be located on the page using the given search parameters (XPATH='//*[@nodeName='SECTION']/*[2]/*[@nodeName='BUTTON'][1]')) 

14 Message: no such element (An element could not be located on the page using the given search parameters (XPATH='//*[@nodeName='SECTION']/*[2]/*[@nodeName='BUTTON'][1]')) 

15 Message: no such element (An element could not be located on the page using the given search parameters (XPATH='//*[@nodeName='SECTION']/*[2]/*[@nodeName='BUTTON'][1]')) 

Traceback (most recent call last):
  File "C:\Users\alvis.chen\mobileAuto\test_UI\case\test_GamePagePK10_F3Racing_Pro.py", line 85, in test_04_F3Racing_pro_normal_firstToTenth
    page_pk10.switch_pro_game("normal", "firstToTenth")
  File "C:\Users\alvis.chen\mobileAuto\test_UI\page\GamePagePK10.py", line 23, in switch_pro_game
    game_type.click()
AttributeError: 'NoneType' object has no attribute 'click'
</pre>
    </div>
    <!--css div popup end-->
    </td>
</tr>

<tr id='ft7.5' class='none'>
    <td class='errorCase'><div class='testcase'>test_05_F3Racing_pro_fun_eat1</div></td>
    <td colspan='5' align='center'>
    <!--css div popup start-->
    <a class="popup_link" onfocus='this.blur();' href="javascript:showTestDetail('div_ft7.5')" >
        ERROR</a>
    <div id='div_ft7.5' class="popup_window">
        <pre>ft7.5: Message: 

1 Message: no such element (An element could not be located on the page using the given search parameters (XPATH='//*[@nodeName='SECTION']/*[2]/*[@nodeName='BUTTON'][2]')) 

2 Message: no such element (An element could not be located on the page using the given search parameters (XPATH='//*[@nodeName='SECTION']/*[2]/*[@nodeName='BUTTON'][2]')) 

3 Message: no such element (An element could not be located on the page using the given search parameters (XPATH='//*[@nodeName='SECTION']/*[2]/*[@nodeName='BUTTON'][2]')) 

4 Message: no such element (An element could not be located on the page using the given search parameters (XPATH='//*[@nodeName='SECTION']/*[2]/*[@nodeName='BUTTON'][2]')) 

5 Message: no such element (An element could not be located on the page using the given search parameters (XPATH='//*[@nodeName='SECTION']/*[2]/*[@nodeName='BUTTON'][2]')) 

6 Message: no such element (An element could not be located on the page using the given search parameters (XPATH='//*[@nodeName='SECTION']/*[2]/*[@nodeName='BUTTON'][2]')) 

7 Message: no such element (An element could not be located on the page using the given search parameters (XPATH='//*[@nodeName='SECTION']/*[2]/*[@nodeName='BUTTON'][2]')) 

8 Message: no such element (An element could not be located on the page using the given search parameters (XPATH='//*[@nodeName='SECTION']/*[2]/*[@nodeName='BUTTON'][2]')) 

9 Message: no such element (An element could not be located on the page using the given search parameters (XPATH='//*[@nodeName='SECTION']/*[2]/*[@nodeName='BUTTON'][2]')) 

10 Message: no such element (An element could not be located on the page using the given search parameters (XPATH='//*[@nodeName='SECTION']/*[2]/*[@nodeName='BUTTON'][2]')) 

11 Message: no such element (An element could not be located on the page using the given search parameters (XPATH='//*[@nodeName='SECTION']/*[2]/*[@nodeName='BUTTON'][2]')) 

12 Message: no such element (An element could not be located on the page using the given search parameters (XPATH='//*[@nodeName='SECTION']/*[2]/*[@nodeName='BUTTON'][2]')) 

13 Message: no such element (An element could not be located on the page using the given search parameters (XPATH='//*[@nodeName='SECTION']/*[2]/*[@nodeName='BUTTON'][2]')) 

14 Message: no such element (An element could not be located on the page using the given search parameters (XPATH='//*[@nodeName='SECTION']/*[2]/*[@nodeName='BUTTON'][2]')) 

15 Message: no such element (An element could not be located on the page using the given search parameters (XPATH='//*[@nodeName='SECTION']/*[2]/*[@nodeName='BUTTON'][2]')) 

Traceback (most recent call last):
  File "C:\Users\alvis.chen\mobileAuto\test_UI\case\test_GamePagePK10_F3Racing_Pro.py", line 104, in test_05_F3Racing_pro_fun_eat1
    page_pk10.switch_pro_game("fun", "eat1")
  File "C:\Users\alvis.chen\mobileAuto\test_UI\page\GamePagePK10.py", line 23, in switch_pro_game
    game_type.click()
AttributeError: 'NoneType' object has no attribute 'click'
</pre>
    </div>
    <!--css div popup end-->
    </td>
</tr>

<tr id='ft7.6' class='none'>
    <td class='errorCase'><div class='testcase'>test_06_F3Racing_pro_fun_bet3</div></td>
    <td colspan='5' align='center'>
    <!--css div popup start-->
    <a class="popup_link" onfocus='this.blur();' href="javascript:showTestDetail('div_ft7.6')" >
        ERROR</a>
    <div id='div_ft7.6' class="popup_window">
        <pre>ft7.6: Message: 

1 Message: no such element (An element could not be located on the page using the given search parameters (XPATH='//*[@nodeName='SECTION']/*[2]/*[@nodeName='BUTTON'][2]')) 

2 Message: no such element (An element could not be located on the page using the given search parameters (XPATH='//*[@nodeName='SECTION']/*[2]/*[@nodeName='BUTTON'][2]')) 

3 Message: no such element (An element could not be located on the page using the given search parameters (XPATH='//*[@nodeName='SECTION']/*[2]/*[@nodeName='BUTTON'][2]')) 

4 Message: no such element (An element could not be located on the page using the given search parameters (XPATH='//*[@nodeName='SECTION']/*[2]/*[@nodeName='BUTTON'][2]')) 

5 Message: no such element (An element could not be located on the page using the given search parameters (XPATH='//*[@nodeName='SECTION']/*[2]/*[@nodeName='BUTTON'][2]')) 

6 Message: no such element (An element could not be located on the page using the given search parameters (XPATH='//*[@nodeName='SECTION']/*[2]/*[@nodeName='BUTTON'][2]')) 

7 Message: no such element (An element could not be located on the page using the given search parameters (XPATH='//*[@nodeName='SECTION']/*[2]/*[@nodeName='BUTTON'][2]')) 

8 Message: no such element (An element could not be located on the page using the given search parameters (XPATH='//*[@nodeName='SECTION']/*[2]/*[@nodeName='BUTTON'][2]')) 

9 Message: no such element (An element could not be located on the page using the given search parameters (XPATH='//*[@nodeName='SECTION']/*[2]/*[@nodeName='BUTTON'][2]')) 

10 Message: no such element (An element could not be located on the page using the given search parameters (XPATH='//*[@nodeName='SECTION']/*[2]/*[@nodeName='BUTTON'][2]')) 

11 Message: no such element (An element could not be located on the page using the given search parameters (XPATH='//*[@nodeName='SECTION']/*[2]/*[@nodeName='BUTTON'][2]')) 

12 Message: no such element (An element could not be located on the page using the given search parameters (XPATH='//*[@nodeName='SECTION']/*[2]/*[@nodeName='BUTTON'][2]')) 

13 Message: no such element (An element could not be located on the page using the given search parameters (XPATH='//*[@nodeName='SECTION']/*[2]/*[@nodeName='BUTTON'][2]')) 

14 Message: no such element (An element could not be located on the page using the given search parameters (XPATH='//*[@nodeName='SECTION']/*[2]/*[@nodeName='BUTTON'][2]')) 

15 Message: no such element (An element could not be located on the page using the given search parameters (XPATH='//*[@nodeName='SECTION']/*[2]/*[@nodeName='BUTTON'][2]')) 

Traceback (most recent call last):
  File "C:\Users\alvis.chen\mobileAuto\test_UI\case\test_GamePagePK10_F3Racing_Pro.py", line 123, in test_06_F3Racing_pro_fun_bet3
    page_pk10.switch_pro_game("fun", "bet3")
  File "C:\Users\alvis.chen\mobileAuto\test_UI\page\GamePagePK10.py", line 23, in switch_pro_game
    game_type.click()
AttributeError: 'NoneType' object has no attribute 'click'
</pre>
    </div>
    <!--css div popup end-->
    </td>
</tr>

<tr id='ft7.7' class='none'>
    <td class='errorCase'><div class='testcase'>test_07_F3Racing_pro_fun_eat3</div></td>
    <td colspan='5' align='center'>
    <!--css div popup start-->
    <a class="popup_link" onfocus='this.blur();' href="javascript:showTestDetail('div_ft7.7')" >
        ERROR</a>
    <div id='div_ft7.7' class="popup_window">
        <pre>ft7.7: Message: 

1 Message: no such element (An element could not be located on the page using the given search parameters (XPATH='//*[@nodeName='SECTION']/*[2]/*[@nodeName='BUTTON'][2]')) 

2 Message: no such element (An element could not be located on the page using the given search parameters (XPATH='//*[@nodeName='SECTION']/*[2]/*[@nodeName='BUTTON'][2]')) 

3 Message: no such element (An element could not be located on the page using the given search parameters (XPATH='//*[@nodeName='SECTION']/*[2]/*[@nodeName='BUTTON'][2]')) 

4 Message: no such element (An element could not be located on the page using the given search parameters (XPATH='//*[@nodeName='SECTION']/*[2]/*[@nodeName='BUTTON'][2]')) 

5 Message: no such element (An element could not be located on the page using the given search parameters (XPATH='//*[@nodeName='SECTION']/*[2]/*[@nodeName='BUTTON'][2]')) 

6 Message: no such element (An element could not be located on the page using the given search parameters (XPATH='//*[@nodeName='SECTION']/*[2]/*[@nodeName='BUTTON'][2]')) 

7 Message: no such element (An element could not be located on the page using the given search parameters (XPATH='//*[@nodeName='SECTION']/*[2]/*[@nodeName='BUTTON'][2]')) 

8 Message: no such element (An element could not be located on the page using the given search parameters (XPATH='//*[@nodeName='SECTION']/*[2]/*[@nodeName='BUTTON'][2]')) 

9 Message: no such element (An element could not be located on the page using the given search parameters (XPATH='//*[@nodeName='SECTION']/*[2]/*[@nodeName='BUTTON'][2]')) 

10 Message: no such element (An element could not be located on the page using the given search parameters (XPATH='//*[@nodeName='SECTION']/*[2]/*[@nodeName='BUTTON'][2]')) 

11 Message: no such element (An element could not be located on the page using the given search parameters (XPATH='//*[@nodeName='SECTION']/*[2]/*[@nodeName='BUTTON'][2]')) 

12 Message: no such element (An element could not be located on the page using the given search parameters (XPATH='//*[@nodeName='SECTION']/*[2]/*[@nodeName='BUTTON'][2]')) 

13 Message: no such element (An element could not be located on the page using the given search parameters (XPATH='//*[@nodeName='SECTION']/*[2]/*[@nodeName='BUTTON'][2]')) 

14 Message: no such element (An element could not be located on the page using the given search parameters (XPATH='//*[@nodeName='SECTION']/*[2]/*[@nodeName='BUTTON'][2]')) 

15 Message: no such element (An element could not be located on the page using the given search parameters (XPATH='//*[@nodeName='SECTION']/*[2]/*[@nodeName='BUTTON'][2]')) 

Traceback (most recent call last):
  File "C:\Users\alvis.chen\mobileAuto\test_UI\case\test_GamePagePK10_F3Racing_Pro.py", line 142, in test_07_F3Racing_pro_fun_eat3
    page_pk10.switch_pro_game("fun", "eat3")
  File "C:\Users\alvis.chen\mobileAuto\test_UI\page\GamePagePK10.py", line 23, in switch_pro_game
    game_type.click()
AttributeError: 'NoneType' object has no attribute 'click'
</pre>
    </div>
    <!--css div popup end-->
    </td>
</tr>

<tr id='pt7.8' class='hiddenRow'>
    <td class='none'><div class='testcase'>test_08_F3Racing_pro_fun_positionQ</div></td>
    <td colspan='5' align='center'>PASS</td>
</tr>

<tr id='pt7.9' class='hiddenRow'>
    <td class='none'><div class='testcase'>test_09_F3Racing_pro_fun_winningStreak</div></td>
    <td colspan='5' align='center'>PASS</td>
</tr>

    <tr class='errorClass'>
        <td>test_GamePagePK10_F3Racing_TwoSide.F3Racing_TwoSide</td>
        <td>4</td>
        <td>1</td>
        <td>1</td>
        <td>2</td>
        <td><a href="javascript:showClassDetail('c8',4)">Detail</a></td>
    </tr>

<tr id='ft8.1' class='none'>
    <td class='errorCase'><div class='testcase'>test_10_F3Racing_twoSide_twoface</div></td>
    <td colspan='5' align='center'>
    <!--css div popup start-->
    <a class="popup_link" onfocus='this.blur();' href="javascript:showTestDetail('div_ft8.1')" >
        ERROR</a>
    <div id='div_ft8.1' class="popup_window">
        <pre>ft8.1: Traceback (most recent call last):
  File "C:\Users\alvis.chen\mobileAuto\test_UI\case\test_GamePagePK10_F3Racing_TwoSide.py", line 29, in test_10_F3Racing_twoSide_twoface
    page_pk10.bet_twoSide_all("twoface")
  File "C:\Users\alvis.chen\mobileAuto\test_UI\page\GamePagePK10.py", line 406, in bet_twoSide_all
    buttons.click()
  File "C:\Users\alvis.chen\AppData\Local\Programs\Python\Python38-32\lib\site-packages\selenium\webdriver\remote\webelement.py", line 80, in click
    self._execute(Command.CLICK_ELEMENT)
  File "C:\Users\alvis.chen\AppData\Local\Programs\Python\Python38-32\lib\site-packages\selenium\webdriver\remote\webelement.py", line 633, in _execute
    return self._parent.execute(command, params)
  File "C:\Users\alvis.chen\AppData\Local\Programs\Python\Python38-32\lib\site-packages\selenium\webdriver\remote\webdriver.py", line 321, in execute
    self.error_handler.check_response(response)
  File "C:\Users\alvis.chen\AppData\Local\Programs\Python\Python38-32\lib\site-packages\appium\webdriver\errorhandler.py", line 29, in check_response
    raise wde
  File "C:\Users\alvis.chen\AppData\Local\Programs\Python\Python38-32\lib\site-packages\appium\webdriver\errorhandler.py", line 24, in check_response
    super(MobileErrorHandler, self).check_response(response)
  File "C:\Users\alvis.chen\AppData\Local\Programs\Python\Python38-32\lib\site-packages\selenium\webdriver\remote\errorhandler.py", line 242, in check_response
    raise exception_class(message, screen, stacktrace)
selenium.common.exceptions.WebDriverException: Message: unknown error (An unknown server-side error occurred. status='false'. Failed to complete internal method: 'click args: [WEB, xpath=(//*[@nodeName='DIV'][12]/*/*[@nodeName='BUTTON'])[1], 0, 1]', details: Failed to click 'xpath=(//*[@nodeName='DIV'][12]/*/*[@nodeName='BUTTON'])[1]'. Cannot click. The element is found but not visible on Screen. deviceScreenDimension = 
java.awt.Rectangle[x=0,y=0,width=1440,height=2560]
) 

</pre>
    </div>
    <!--css div popup end-->
    </td>
</tr>

<tr id='ft8.2' class='none'>
    <td class='errorCase'><div class='testcase'>test_11_F3Racing_twoSide_combination1and2</div></td>
    <td colspan='5' align='center'>
    <!--css div popup start-->
    <a class="popup_link" onfocus='this.blur();' href="javascript:showTestDetail('div_ft8.2')" >
        ERROR</a>
    <div id='div_ft8.2' class="popup_window">
        <pre>ft8.2: Traceback (most recent call last):
  File "C:\Users\alvis.chen\mobileAuto\test_UI\case\test_GamePagePK10_F3Racing_TwoSide.py", line 46, in test_11_F3Racing_twoSide_combination1and2
    page_pk10.switch_twoSide_game("combination1and2")
  File "C:\Users\alvis.chen\mobileAuto\test_UI\page\GamePagePK10.py", line 58, in switch_twoSide_game
    game_name.click()
  File "C:\Users\alvis.chen\AppData\Local\Programs\Python\Python38-32\lib\site-packages\selenium\webdriver\remote\webelement.py", line 80, in click
    self._execute(Command.CLICK_ELEMENT)
  File "C:\Users\alvis.chen\AppData\Local\Programs\Python\Python38-32\lib\site-packages\selenium\webdriver\remote\webelement.py", line 633, in _execute
    return self._parent.execute(command, params)
  File "C:\Users\alvis.chen\AppData\Local\Programs\Python\Python38-32\lib\site-packages\selenium\webdriver\remote\webdriver.py", line 321, in execute
    self.error_handler.check_response(response)
  File "C:\Users\alvis.chen\AppData\Local\Programs\Python\Python38-32\lib\site-packages\appium\webdriver\errorhandler.py", line 29, in check_response
    raise wde
  File "C:\Users\alvis.chen\AppData\Local\Programs\Python\Python38-32\lib\site-packages\appium\webdriver\errorhandler.py", line 24, in check_response
    super(MobileErrorHandler, self).check_response(response)
  File "C:\Users\alvis.chen\AppData\Local\Programs\Python\Python38-32\lib\site-packages\selenium\webdriver\remote\errorhandler.py", line 242, in check_response
    raise exception_class(message, screen, stacktrace)
selenium.common.exceptions.WebDriverException: Message: unknown error (An unknown server-side error occurred. status='false'. Failed to complete internal method: 'click args: [WEB, xpath=(//*[contains(@class, 'tabs-list')]/*)[2], 0, 1]', details: Failed to click 'xpath=(//*[contains(@class, 'tabs-list')]/*)[2]'. Cannot click. The element is found but not visible on Screen. deviceScreenDimension = 
java.awt.Rectangle[x=0,y=0,width=1440,height=2560]
) 

</pre>
    </div>
    <!--css div popup end-->
    </td>
</tr>

<tr id='ft8.3' class='none'>
    <td class='failCase'><div class='testcase'>test_12_F3Racing_twoSide_sum1and2</div></td>
    <td colspan='5' align='center'>
    <!--css div popup start-->
    <a class="popup_link" onfocus='this.blur();' href="javascript:showTestDetail('div_ft8.3')" >
        FAIL</a>
    <div id='div_ft8.3' class="popup_window">
        <pre>ft8.3: Traceback (most recent call last):
  File "C:\Users\alvis.chen\mobileAuto\test_UI\case\test_GamePagePK10_F3Racing_TwoSide.py", line 78, in test_12_F3Racing_twoSide_sum1and2
    Assertion.assertOrderInfo(expect_data, order_info_confirm, order_info_done)
  File "C:\Users\alvis.chen\mobileAuto\utils\Assertion.py", line 23, in assertOrderInfo
    self.assertEqual(expect_data[count], order_info_confirm[count])
AssertionError: '42.00' != '120.00'
- 42.00
? ^
+ 120.00
? ^ +

</pre>
    </div>
    <!--css div popup end-->
    </td>
</tr>

<tr id='pt8.4' class='hiddenRow'>
    <td class='none'><div class='testcase'>test_13_F3Racing_twoSide_firsttotenth</div></td>
    <td colspan='5' align='center'>PASS</td>
</tr>

    <tr class='errorClass'>
        <td>test_GamePageMarkSix_FMark6.GamePageMarkSixFMark6TestCase</td>
        <td>19</td>
        <td>7</td>
        <td>1</td>
        <td>11</td>
        <td><a href="javascript:showClassDetail('c9',19)">Detail</a></td>
    </tr>

<tr id='ft9.1' class='none'>
    <td class='failCase'><div class='testcase'>test_01_FMark6_pro_normal_specialNo</div></td>
    <td colspan='5' align='center'>
    <!--css div popup start-->
    <a class="popup_link" onfocus='this.blur();' href="javascript:showTestDetail('div_ft9.1')" >
        FAIL</a>
    <div id='div_ft9.1' class="popup_window">
        <pre>ft9.1: Traceback (most recent call last):
  File "C:\Users\alvis.chen\mobileAuto\test_UI\case\test_GamePageMarkSix_FMark6.py", line 43, in test_01_FMark6_pro_normal_specialNo
    Assertion.assertOrderInfo(expect_data, order_info_confirm, order_info_done)
  File "C:\Users\alvis.chen\mobileAuto\utils\Assertion.py", line 23, in assertOrderInfo
    self.assertEqual(expect_data[count], order_info_confirm[count])
AssertionError: '1.34' != '1.14'
- 1.34
?   ^
+ 1.14
?   ^

</pre>
    </div>
    <!--css div popup end-->
    </td>
</tr>

<tr id='ft9.2' class='none'>
    <td class='errorCase'><div class='testcase'>test_02_FMark6_pro_normal_mainNo</div></td>
    <td colspan='5' align='center'>
    <!--css div popup start-->
    <a class="popup_link" onfocus='this.blur();' href="javascript:showTestDetail('div_ft9.2')" >
        ERROR</a>
    <div id='div_ft9.2' class="popup_window">
        <pre>ft9.2: Traceback (most recent call last):
  File "C:\Users\alvis.chen\mobileAuto\test_UI\case\test_GamePageMarkSix_FMark6.py", line 48, in test_02_FMark6_pro_normal_mainNo
    page_markSix.bet_pro_all("mainNo")
  File "C:\Users\alvis.chen\mobileAuto\test_UI\page\GamePageMarkSix.py", line 309, in bet_pro_all
    buttons.click()
  File "C:\Users\alvis.chen\AppData\Local\Programs\Python\Python38-32\lib\site-packages\selenium\webdriver\remote\webelement.py", line 80, in click
    self._execute(Command.CLICK_ELEMENT)
  File "C:\Users\alvis.chen\AppData\Local\Programs\Python\Python38-32\lib\site-packages\selenium\webdriver\remote\webelement.py", line 633, in _execute
    return self._parent.execute(command, params)
  File "C:\Users\alvis.chen\AppData\Local\Programs\Python\Python38-32\lib\site-packages\selenium\webdriver\remote\webdriver.py", line 321, in execute
    self.error_handler.check_response(response)
  File "C:\Users\alvis.chen\AppData\Local\Programs\Python\Python38-32\lib\site-packages\appium\webdriver\errorhandler.py", line 29, in check_response
    raise wde
  File "C:\Users\alvis.chen\AppData\Local\Programs\Python\Python38-32\lib\site-packages\appium\webdriver\errorhandler.py", line 24, in check_response
    super(MobileErrorHandler, self).check_response(response)
  File "C:\Users\alvis.chen\AppData\Local\Programs\Python\Python38-32\lib\site-packages\selenium\webdriver\remote\errorhandler.py", line 242, in check_response
    raise exception_class(message, screen, stacktrace)
selenium.common.exceptions.WebDriverException: Message: unknown error (An unknown server-side error occurred. status='false'. Failed to complete internal method: 'click args: [WEB, xpath=(//*[contains(@data-testid,'mark6Button') and starts-with(@value,'2')])[2], 0, 1]', details: Failed to click 'xpath=(//*[contains(@data-testid,'mark6Button') and starts-with(@value,'2')])[2]'. Cannot click. The element is found but not visible on Screen. deviceScreenDimension = 
java.awt.Rectangle[x=0,y=0,width=1440,height=2560]
) 

</pre>
    </div>
    <!--css div popup end-->
    </td>
</tr>

<tr id='pt9.3' class='hiddenRow'>
    <td class='none'><div class='testcase'>test_03_FMark6_pro_normal_main1to6_main1st</div></td>
    <td colspan='5' align='center'>
    <!--css div popup start-->
    <a class="popup_link" onfocus='this.blur();' href="javascript:showTestDetail('div_pt9.3')" >
        PASS</a>
    <div id='div_pt9.3' class="popup_window">
        <pre>pt9.3: Message: 

</pre>
    </div>
    <!--css div popup end-->
    </td>
</tr>

<tr id='pt9.4' class='hiddenRow'>
    <td class='none'><div class='testcase'>test_04_FMark6_pro_normal_main1to6_main2nd</div></td>
    <td colspan='5' align='center'>PASS</td>
</tr>

<tr id='pt9.5' class='hiddenRow'>
    <td class='none'><div class='testcase'>test_05_FMark6_pro_normal_main1to6_main3rd</div></td>
    <td colspan='5' align='center'>PASS</td>
</tr>

<tr id='pt9.6' class='hiddenRow'>
    <td class='none'><div class='testcase'>test_06_FMark6_pro_normal_main1to6_main4th</div></td>
    <td colspan='5' align='center'>PASS</td>
</tr>

<tr id='pt9.7' class='hiddenRow'>
    <td class='none'><div class='testcase'>test_07_FMark6_pro_normal_main1to6_main5th</div></td>
    <td colspan='5' align='center'>PASS</td>
</tr>

<tr id='pt9.8' class='hiddenRow'>
    <td class='none'><div class='testcase'>test_08_FMark6_pro_normal_main1to6_main6th</div></td>
    <td colspan='5' align='center'>PASS</td>
</tr>

<tr id='ft9.9' class='none'>
    <td class='errorCase'><div class='testcase'>test_09_FMark6_pro_normal_mainSpecial_main1Special</div></td>
    <td colspan='5' align='center'>
    <!--css div popup start-->
    <a class="popup_link" onfocus='this.blur();' href="javascript:showTestDetail('div_ft9.9')" >
        ERROR</a>
    <div id='div_ft9.9' class="popup_window">
        <pre>ft9.9: 1 Message: no such element (An element could not be located on the page using the given search parameters (XPATH='//*[contains(@class,'checkout-button')]')) 

2 Message: no such element (An element could not be located on the page using the given search parameters (XPATH='//*[contains(@class,'checkout-button')]')) 

3 Message: no such element (An element could not be located on the page using the given search parameters (XPATH='//*[contains(@class,'checkout-button')]')) 

4 Message: no such element (An element could not be located on the page using the given search parameters (XPATH='//*[contains(@class,'checkout-button')]')) 

5 Message: no such element (An element could not be located on the page using the given search parameters (XPATH='//*[contains(@class,'checkout-button')]')) 

6 Message: no such element (An element could not be located on the page using the given search parameters (XPATH='//*[contains(@class,'checkout-button')]')) 

7 Message: no such element (An element could not be located on the page using the given search parameters (XPATH='//*[contains(@class,'checkout-button')]')) 

8 Message: no such element (An element could not be located on the page using the given search parameters (XPATH='//*[contains(@class,'checkout-button')]')) 

9 Message: no such element (An element could not be located on the page using the given search parameters (XPATH='//*[contains(@class,'checkout-button')]')) 

10 Message: no such element (An element could not be located on the page using the given search parameters (XPATH='//*[contains(@class,'checkout-button')]')) 

11 Message: no such element (An element could not be located on the page using the given search parameters (XPATH='//*[contains(@class,'checkout-button')]')) 

12 Message: no such element (An element could not be located on the page using the given search parameters (XPATH='//*[contains(@class,'checkout-button')]')) 

13 Message: no such element (An element could not be located on the page using the given search parameters (XPATH='//*[contains(@class,'checkout-button')]')) 

14 Message: no such element (An element could not be located on the page using the given search parameters (XPATH='//*[contains(@class,'checkout-button')]')) 

15 Message: no such element (An element could not be located on the page using the given search parameters (XPATH='//*[contains(@class,'checkout-button')]')) 

Traceback (most recent call last):
  File "C:\Users\alvis.chen\mobileAuto\test_UI\case\test_GamePageMarkSix_FMark6.py", line 187, in test_09_FMark6_pro_normal_mainSpecial_main1Special
    bet_flow.click_payment("pro")
  File "C:\Users\alvis.chen\mobileAuto\test_UI\common\GamePageCommon.py", line 166, in click_payment
    payment_button.click()
AttributeError: 'NoneType' object has no attribute 'click'
</pre>
    </div>
    <!--css div popup end-->
    </td>
</tr>

<tr id='ft9.10' class='none'>
    <td class='errorCase'><div class='testcase'>test_10_FMark6_pro_normal_mainSpecial_main2Special</div></td>
    <td colspan='5' align='center'>
    <!--css div popup start-->
    <a class="popup_link" onfocus='this.blur();' href="javascript:showTestDetail('div_ft9.10')" >
        ERROR</a>
    <div id='div_ft9.10' class="popup_window">
        <pre>ft9.10: Traceback (most recent call last):
  File "C:\Users\alvis.chen\mobileAuto\test_UI\case\test_GamePageMarkSix_FMark6.py", line 199, in test_10_FMark6_pro_normal_mainSpecial_main2Special
    page_markSix.switch_pro_game("mainSpecial", "main2Special")
  File "C:\Users\alvis.chen\mobileAuto\test_UI\page\GamePageMarkSix.py", line 45, in switch_pro_game
    subGame_name = pro_subGame_name_All[1]
IndexError: list index out of range
</pre>
    </div>
    <!--css div popup end-->
    </td>
</tr>

<tr id='ft9.11' class='none'>
    <td class='errorCase'><div class='testcase'>test_11_FMark6_pro_normal_mainSpecial_main3Special</div></td>
    <td colspan='5' align='center'>
    <!--css div popup start-->
    <a class="popup_link" onfocus='this.blur();' href="javascript:showTestDetail('div_ft9.11')" >
        ERROR</a>
    <div id='div_ft9.11' class="popup_window">
        <pre>ft9.11: Message: 

Traceback (most recent call last):
  File "C:\Users\alvis.chen\mobileAuto\test_UI\case\test_GamePageMarkSix_FMark6.py", line 218, in test_11_FMark6_pro_normal_mainSpecial_main3Special
    page_markSix.switch_pro_game("mainSpecial", "main3Special")
  File "C:\Users\alvis.chen\mobileAuto\test_UI\page\GamePageMarkSix.py", line 47, in switch_pro_game
    subGame_name = pro_subGame_name_All[2]
IndexError: list index out of range
</pre>
    </div>
    <!--css div popup end-->
    </td>
</tr>

<tr id='ft9.12' class='none'>
    <td class='errorCase'><div class='testcase'>test_12_FMark6_pro_normal_mainSpecial_main4Special</div></td>
    <td colspan='5' align='center'>
    <!--css div popup start-->
    <a class="popup_link" onfocus='this.blur();' href="javascript:showTestDetail('div_ft9.12')" >
        ERROR</a>
    <div id='div_ft9.12' class="popup_window">
        <pre>ft9.12: Message: 

Traceback (most recent call last):
  File "C:\Users\alvis.chen\mobileAuto\test_UI\case\test_GamePageMarkSix_FMark6.py", line 237, in test_12_FMark6_pro_normal_mainSpecial_main4Special
    page_markSix.switch_pro_game("mainSpecial", "main4Special")
  File "C:\Users\alvis.chen\mobileAuto\test_UI\page\GamePageMarkSix.py", line 49, in switch_pro_game
    subGame_name = pro_subGame_name_All[3]
IndexError: list index out of range
</pre>
    </div>
    <!--css div popup end-->
    </td>
</tr>

<tr id='ft9.13' class='none'>
    <td class='errorCase'><div class='testcase'>test_13_FMark6_pro_normal_mainSpecial_main5Special</div></td>
    <td colspan='5' align='center'>
    <!--css div popup start-->
    <a class="popup_link" onfocus='this.blur();' href="javascript:showTestDetail('div_ft9.13')" >
        ERROR</a>
    <div id='div_ft9.13' class="popup_window">
        <pre>ft9.13: Message: 

Traceback (most recent call last):
  File "C:\Users\alvis.chen\mobileAuto\test_UI\case\test_GamePageMarkSix_FMark6.py", line 256, in test_13_FMark6_pro_normal_mainSpecial_main5Special
    page_markSix.switch_pro_game("mainSpecial", "main5Special")
  File "C:\Users\alvis.chen\mobileAuto\test_UI\page\GamePageMarkSix.py", line 51, in switch_pro_game
    subGame_name = pro_subGame_name_All[4]
IndexError: list index out of range
</pre>
    </div>
    <!--css div popup end-->
    </td>
</tr>

<tr id='ft9.14' class='none'>
    <td class='errorCase'><div class='testcase'>test_14_FMark6_pro_normal_mainSpecial_main6Special</div></td>
    <td colspan='5' align='center'>
    <!--css div popup start-->
    <a class="popup_link" onfocus='this.blur();' href="javascript:showTestDetail('div_ft9.14')" >
        ERROR</a>
    <div id='div_ft9.14' class="popup_window">
        <pre>ft9.14: Message: 

Traceback (most recent call last):
  File "C:\Users\alvis.chen\mobileAuto\test_UI\case\test_GamePageMarkSix_FMark6.py", line 275, in test_14_FMark6_pro_normal_mainSpecial_main6Special
    page_markSix.switch_pro_game("mainSpecial", "main6Special")
  File "C:\Users\alvis.chen\mobileAuto\test_UI\page\GamePageMarkSix.py", line 53, in switch_pro_game
    subGame_name = pro_subGame_name_All[5]
IndexError: list index out of range
</pre>
    </div>
    <!--css div popup end-->
    </td>
</tr>

<tr id='ft9.15' class='none'>
    <td class='errorCase'><div class='testcase'>test_20_FMark6_pro_normal_halfBall</div></td>
    <td colspan='5' align='center'>
    <!--css div popup start-->
    <a class="popup_link" onfocus='this.blur();' href="javascript:showTestDetail('div_ft9.15')" >
        ERROR</a>
    <div id='div_ft9.15' class="popup_window">
        <pre>ft9.15: Message: 

1 Message: no such element (An element could not be located on the page using the given search parameters (XPATH='//*[@text='']')) 

2 Message: no such element (An element could not be located on the page using the given search parameters (XPATH='//*[@text='']')) 

3 Message: no such element (An element could not be located on the page using the given search parameters (XPATH='//*[@text='']')) 

4 Message: no such element (An element could not be located on the page using the given search parameters (XPATH='//*[@text='']')) 

5 Message: no such element (An element could not be located on the page using the given search parameters (XPATH='//*[@text='']')) 

6 Message: no such element (An element could not be located on the page using the given search parameters (XPATH='//*[@text='']')) 

7 Message: no such element (An element could not be located on the page using the given search parameters (XPATH='//*[@text='']')) 

8 Message: no such element (An element could not be located on the page using the given search parameters (XPATH='//*[@text='']')) 

9 Message: no such element (An element could not be located on the page using the given search parameters (XPATH='//*[@text='']')) 

10 Message: no such element (An element could not be located on the page using the given search parameters (XPATH='//*[@text='']')) 

11 Message: no such element (An element could not be located on the page using the given search parameters (XPATH='//*[@text='']')) 

12 Message: no such element (An element could not be located on the page using the given search parameters (XPATH='//*[@text='']')) 

13 Message: no such element (An element could not be located on the page using the given search parameters (XPATH='//*[@text='']')) 

14 Message: no such element (An element could not be located on the page using the given search parameters (XPATH='//*[@text='']')) 

15 Message: no such element (An element could not be located on the page using the given search parameters (XPATH='//*[@text='']')) 

Traceback (most recent call last):
  File "C:\Users\alvis.chen\mobileAuto\test_UI\case\test_GamePageMarkSix_FMark6.py", line 445, in test_20_FMark6_pro_normal_halfBall
    page_markSix.bet_pro_all("halfBall")
  File "C:\Users\alvis.chen\mobileAuto\test_UI\page\GamePageMarkSix.py", line 819, in bet_pro_all
    start_location = self.find_element(*Xpath.button_red_even).location
AttributeError: 'NoneType' object has no attribute 'location'
</pre>
    </div>
    <!--css div popup end-->
    </td>
</tr>

<tr id='ft9.16' class='none'>
    <td class='errorCase'><div class='testcase'>test_21_FMark6_pro_normal_tailNo</div></td>
    <td colspan='5' align='center'>
    <!--css div popup start-->
    <a class="popup_link" onfocus='this.blur();' href="javascript:showTestDetail('div_ft9.16')" >
        ERROR</a>
    <div id='div_ft9.16' class="popup_window">
        <pre>ft9.16: 1 Message: no such element (An element could not be located on the page using the given search parameters (XPATH='//*[@text='4']')) 

2 Message: no such element (An element could not be located on the page using the given search parameters (XPATH='//*[@text='4']')) 

3 Message: no such element (An element could not be located on the page using the given search parameters (XPATH='//*[@text='4']')) 

4 Message: no such element (An element could not be located on the page using the given search parameters (XPATH='//*[@text='4']')) 

5 Message: no such element (An element could not be located on the page using the given search parameters (XPATH='//*[@text='4']')) 

6 Message: no such element (An element could not be located on the page using the given search parameters (XPATH='//*[@text='4']')) 

7 Message: no such element (An element could not be located on the page using the given search parameters (XPATH='//*[@text='4']')) 

8 Message: no such element (An element could not be located on the page using the given search parameters (XPATH='//*[@text='4']')) 

9 Message: no such element (An element could not be located on the page using the given search parameters (XPATH='//*[@text='4']')) 

10 Message: no such element (An element could not be located on the page using the given search parameters (XPATH='//*[@text='4']')) 

11 Message: no such element (An element could not be located on the page using the given search parameters (XPATH='//*[@text='4']')) 

12 Message: no such element (An element could not be located on the page using the given search parameters (XPATH='//*[@text='4']')) 

13 Message: no such element (An element could not be located on the page using the given search parameters (XPATH='//*[@text='4']')) 

14 Message: no such element (An element could not be located on the page using the given search parameters (XPATH='//*[@text='4']')) 

15 Message: no such element (An element could not be located on the page using the given search parameters (XPATH='//*[@text='4']')) 

Traceback (most recent call last):
  File "C:\Users\alvis.chen\mobileAuto\test_UI\case\test_GamePageMarkSix_FMark6.py", line 464, in test_21_FMark6_pro_normal_tailNo
    page_markSix.bet_pro_all("tailNo")
  File "C:\Users\alvis.chen\mobileAuto\test_UI\page\GamePageMarkSix.py", line 992, in bet_pro_all
    start_location = self.find_element(*Xpath.button_tail4).location
AttributeError: 'NoneType' object has no attribute 'location'
</pre>
    </div>
    <!--css div popup end-->
    </td>
</tr>

<tr id='pt9.17' class='hiddenRow'>
    <td class='none'><div class='testcase'>test_28_FMark6_pro_normal_zodiac1</div></td>
    <td colspan='5' align='center'>PASS</td>
</tr>

<tr id='ft9.18' class='none'>
    <td class='errorCase'><div class='testcase'>test_29_FMark6_pro_normal_specialZodiac</div></td>
    <td colspan='5' align='center'>
    <!--css div popup start-->
    <a class="popup_link" onfocus='this.blur();' href="javascript:showTestDetail('div_ft9.18')" >
        ERROR</a>
    <div id='div_ft9.18' class="popup_window">
        <pre>ft9.18: 1 Message: no such element (An element could not be located on the page using the given search parameters (XPATH='//*[@data-testid='mark6ZodiacButton']//*[@text='']')) 

2 Message: no such element (An element could not be located on the page using the given search parameters (XPATH='//*[@data-testid='mark6ZodiacButton']//*[@text='']')) 

3 Message: no such element (An element could not be located on the page using the given search parameters (XPATH='//*[@data-testid='mark6ZodiacButton']//*[@text='']')) 

4 Message: no such element (An element could not be located on the page using the given search parameters (XPATH='//*[@data-testid='mark6ZodiacButton']//*[@text='']')) 

5 Message: no such element (An element could not be located on the page using the given search parameters (XPATH='//*[@data-testid='mark6ZodiacButton']//*[@text='']')) 

6 Message: no such element (An element could not be located on the page using the given search parameters (XPATH='//*[@data-testid='mark6ZodiacButton']//*[@text='']')) 

7 Message: no such element (An element could not be located on the page using the given search parameters (XPATH='//*[@data-testid='mark6ZodiacButton']//*[@text='']')) 

8 Message: no such element (An element could not be located on the page using the given search parameters (XPATH='//*[@data-testid='mark6ZodiacButton']//*[@text='']')) 

9 Message: no such element (An element could not be located on the page using the given search parameters (XPATH='//*[@data-testid='mark6ZodiacButton']//*[@text='']')) 

10 Message: no such element (An element could not be located on the page using the given search parameters (XPATH='//*[@data-testid='mark6ZodiacButton']//*[@text='']')) 

11 Message: no such element (An element could not be located on the page using the given search parameters (XPATH='//*[@data-testid='mark6ZodiacButton']//*[@text='']')) 

12 Message: no such element (An element could not be located on the page using the given search parameters (XPATH='//*[@data-testid='mark6ZodiacButton']//*[@text='']')) 

13 Message: no such element (An element could not be located on the page using the given search parameters (XPATH='//*[@data-testid='mark6ZodiacButton']//*[@text='']')) 

14 Message: no such element (An element could not be located on the page using the given search parameters (XPATH='//*[@data-testid='mark6ZodiacButton']//*[@text='']')) 

15 Message: no such element (An element could not be located on the page using the given search parameters (XPATH='//*[@data-testid='mark6ZodiacButton']//*[@text='']')) 

Traceback (most recent call last):
  File "C:\Users\alvis.chen\mobileAuto\test_UI\case\test_GamePageMarkSix_FMark6.py", line 686, in test_29_FMark6_pro_normal_specialZodiac
    page_markSix.bet_pro_all("specialZodiac")
  File "C:\Users\alvis.chen\mobileAuto\test_UI\page\GamePageMarkSix.py", line 1056, in bet_pro_all
    start_location = self.find_element(*Xpath.button_rabbit).location
AttributeError: 'NoneType' object has no attribute 'location'
</pre>
    </div>
    <!--css div popup end-->
    </td>
</tr>

<tr id='ft9.19' class='none'>
    <td class='errorCase'><div class='testcase'>test_44_FMark6_pro_normal_dt16</div></td>
    <td colspan='5' align='center'>
    <!--css div popup start-->
    <a class="popup_link" onfocus='this.blur();' href="javascript:showTestDetail('div_ft9.19')" >
        ERROR</a>
    <div id='div_ft9.19' class="popup_window">
        <pre>ft9.19: Traceback (most recent call last):
  File "C:\Users\alvis.chen\mobileAuto\test_UI\case\test_GamePageMarkSix_FMark6.py", line 1082, in test_44_FMark6_pro_normal_dt16
    page_markSix.switch_pro_game("dt16")
  File "C:\Users\alvis.chen\mobileAuto\test_UI\page\GamePageMarkSix.py", line 34, in switch_pro_game
    game_name = pro_game_name_All[8]
IndexError: list index out of range
</pre>
    </div>
    <!--css div popup end-->
    </td>
</tr>

    <tr class='errorClass'>
        <td>unittest.suite._ErrorHolder</td>
        <td>2</td>
        <td>0</td>
        <td>0</td>
        <td>2</td>
        <td><a href="javascript:showClassDetail('c10',2)">Detail</a></td>
    </tr>

<tr id='ft10.1' class='none'>
    <td class='errorCase'><div class='testcase'>GamePageMarkSixFMark6TestCase)</div></td>
    <td colspan='5' align='center'>
    <!--css div popup start-->
    <a class="popup_link" onfocus='this.blur();' href="javascript:showTestDetail('div_ft10.1')" >
        ERROR</a>
    <div id='div_ft10.1' class="popup_window">
        <pre>ft10.1: Traceback (most recent call last):
  File "C:\Users\alvis.chen\mobileAuto\test_UI\common\GamePageCommon.py", line 265, in back_to_homepage
    home_page.switch_category("home")
  File "C:\Users\alvis.chen\mobileAuto\test_UI\page\HomePage.py", line 94, in switch_category
    tab.click()
AttributeError: 'NoneType' object has no attribute 'click'

During handling of the above exception, another exception occurred:

Traceback (most recent call last):
  File "C:\Users\alvis.chen\mobileAuto\test_UI\case\test_GamePageMarkSix_FMark6.py", line 1103, in tearDownClass
    bet_flow.back_to_homepage()
  File "C:\Users\alvis.chen\mobileAuto\test_UI\common\GamePageCommon.py", line 271, in back_to_homepage
    home_page.switch_category("home")
  File "C:\Users\alvis.chen\mobileAuto\test_UI\page\HomePage.py", line 94, in switch_category
    tab.click()
AttributeError: 'NoneType' object has no attribute 'click'
</pre>
    </div>
    <!--css div popup end-->
    </td>
</tr>

<tr id='ft10.2' class='none'>
    <td class='errorCase'><div class='testcase'>UserPageTestCase)</div></td>
    <td colspan='5' align='center'>
    <!--css div popup start-->
    <a class="popup_link" onfocus='this.blur();' href="javascript:showTestDetail('div_ft10.2')" >
        ERROR</a>
    <div id='div_ft10.2' class="popup_window">
        <pre>ft10.2: Traceback (most recent call last):
  File "C:\Users\alvis.chen\mobileAuto\test_UI\case\test_UserPage.py", line 19, in setUpClass
    home_page.switch_category("user")
  File "C:\Users\alvis.chen\mobileAuto\test_UI\page\HomePage.py", line 94, in switch_category
    tab.click()
AttributeError: 'NoneType' object has no attribute 'click'
</pre>
    </div>
    <!--css div popup end-->
    </td>
</tr>

    <tr class='errorClass'>
        <td>unittest.loader._FailedTest</td>
        <td>1</td>
        <td>0</td>
        <td>0</td>
        <td>1</td>
        <td><a href="javascript:showClassDetail('c11',1)">Detail</a></td>
    </tr>

<tr id='ft11.1' class='none'>
    <td class='errorCase'><div class='testcase'>test_finished</div></td>
    <td colspan='5' align='center'>
    <!--css div popup start-->
    <a class="popup_link" onfocus='this.blur();' href="javascript:showTestDetail('div_ft11.1')" >
        ERROR</a>
    <div id='div_ft11.1' class="popup_window">
        <pre>ft11.1: ImportError: Failed to import test module: test_finished
Traceback (most recent call last):
  File "C:\Users\alvis.chen\AppData\Local\Programs\Python\Python38-32\lib\unittest\loader.py", line 436, in _find_test_path
    module = self._get_module_from_name(name)
  File "C:\Users\alvis.chen\AppData\Local\Programs\Python\Python38-32\lib\unittest\loader.py", line 377, in _get_module_from_name
    __import__(name)
  File "C:\Users\alvis.chen\mobileAuto\test_UI\case\test_finished.py", line 2, in &lt;module&gt;
    from config.SetAppConfig import Driver
ModuleNotFoundError: No module named 'config.SetAppConfig'

</pre>
    </div>
    <!--css div popup end-->
    </td>
</tr>

        <tr id='total_row'>
            <td>Total</td>
            <td>155</td>
            <td>122</td>
            <td>5</td>
            <td>28</td>
            <td>&nbsp;</td>
        </tr>
    </table>

        <div id='ending'>&nbsp;</div>
        
    <script type="text/javascript">
        // domecharts
        var myChart = echarts.init(document.getElementById('chart'));
        // 
        var option = {
            title : {
                text: 'Test Status',
                x:'center'
            },
            tooltip : {
                trigger: 'item',
                formatter: "{a} <br/>{b} : {c} ({d}%)"
            },
            color: ['#95b75d', 'grey', '#b64645'],
            legend: {
                orient: 'vertical',
                left: 'left',
                data: ['PASS','FAIL','ERROR']
            },
            series : [
                {
                    name: 'Test Status',
                    type: 'pie',
                    radius : '60%',
                    center: ['50%', '60%'],
                    data:[
                        {value:122, name:'PASS'},
                        {value:5, name:'FAIL'},
                        {value:28, name:'ERROR'}
                    ],
                    itemStyle: {
                        emphasis: {
                            shadowBlur: 10,
                            shadowOffsetX: 0,
                            shadowColor: 'rgba(0, 0, 0, 0.5)'
                        }
                    }
                }
            ]
        };
        // 
        myChart.setOption(option);
    </script>
    
    </div>
</body>
</html>
